ERROR - 2022-07-15 00:04:47 --> Column 'schoolId' in where clause is ambiguous
CRITICAL - 2022-07-15 00:04:47 --> Call to a member function getResult() on bool
#0 C:\xampp\htdocs\great-minds-web-api\ci_app\system\BaseModel.php(584): CodeIgniter\Model->doFindAll(0, 0)
#1 C:\xampp\htdocs\great-minds-web-api\ci_app\app\Modules\Section\Models\Section_model.php(43): CodeIgniter\BaseModel->findAll()
#2 C:\xampp\htdocs\great-minds-web-api\ci_app\app\Modules\Section\Controllers\Api\Section.php(113): App\Modules\Section\Models\Section_model->getList('1')
#3 C:\xampp\htdocs\great-minds-web-api\ci_app\system\CodeIgniter.php(832): Modules\Section\Controllers\Api\Section->getList()
#4 C:\xampp\htdocs\great-minds-web-api\ci_app\system\CodeIgniter.php(419): CodeIgniter\CodeIgniter->runController(Object(Modules\Section\Controllers\Api\Section))
#5 C:\xampp\htdocs\great-minds-web-api\ci_app\system\CodeIgniter.php(326): CodeIgniter\CodeIgniter->handleRequest(NULL, Object(Config\Cache), false)
#6 C:\xampp\htdocs\great-minds-web-api\index.php(37): CodeIgniter\CodeIgniter->run()
#7 {main}
ERROR - 2022-07-15 00:04:48 --> Column 'schoolId' in where clause is ambiguous
CRITICAL - 2022-07-15 00:04:48 --> Call to a member function getResult() on bool
#0 C:\xampp\htdocs\great-minds-web-api\ci_app\system\BaseModel.php(584): CodeIgniter\Model->doFindAll(0, 0)
#1 C:\xampp\htdocs\great-minds-web-api\ci_app\app\Modules\Section\Models\Section_model.php(43): CodeIgniter\BaseModel->findAll()
#2 C:\xampp\htdocs\great-minds-web-api\ci_app\app\Modules\Section\Controllers\Api\Section.php(113): App\Modules\Section\Models\Section_model->getList('1')
#3 C:\xampp\htdocs\great-minds-web-api\ci_app\system\CodeIgniter.php(832): Modules\Section\Controllers\Api\Section->getList()
#4 C:\xampp\htdocs\great-minds-web-api\ci_app\system\CodeIgniter.php(419): CodeIgniter\CodeIgniter->runController(Object(Modules\Section\Controllers\Api\Section))
#5 C:\xampp\htdocs\great-minds-web-api\ci_app\system\CodeIgniter.php(326): CodeIgniter\CodeIgniter->handleRequest(NULL, Object(Config\Cache), false)
#6 C:\xampp\htdocs\great-minds-web-api\index.php(37): CodeIgniter\CodeIgniter->run()
#7 {main}
ERROR - 2022-07-15 00:05:25 --> Column 'schoolId' in where clause is ambiguous
CRITICAL - 2022-07-15 00:05:25 --> Call to a member function getResult() on bool
#0 C:\xampp\htdocs\great-minds-web-api\ci_app\system\BaseModel.php(584): CodeIgniter\Model->doFindAll(0, 0)
#1 C:\xampp\htdocs\great-minds-web-api\ci_app\app\Modules\Section\Models\Section_model.php(43): CodeIgniter\BaseModel->findAll()
#2 C:\xampp\htdocs\great-minds-web-api\ci_app\app\Modules\Section\Controllers\Api\Section.php(113): App\Modules\Section\Models\Section_model->getList('1')
#3 C:\xampp\htdocs\great-minds-web-api\ci_app\system\CodeIgniter.php(832): Modules\Section\Controllers\Api\Section->getList()
#4 C:\xampp\htdocs\great-minds-web-api\ci_app\system\CodeIgniter.php(419): CodeIgniter\CodeIgniter->runController(Object(Modules\Section\Controllers\Api\Section))
#5 C:\xampp\htdocs\great-minds-web-api\ci_app\system\CodeIgniter.php(326): CodeIgniter\CodeIgniter->handleRequest(NULL, Object(Config\Cache), false)
#6 C:\xampp\htdocs\great-minds-web-api\index.php(37): CodeIgniter\CodeIgniter->run()
#7 {main}
ERROR - 2022-07-15 00:27:11 --> Column 'schoolId' in where clause is ambiguous
ERROR - 2022-07-15 00:27:17 --> Column 'schoolId' in where clause is ambiguous
ERROR - 2022-07-15 00:29:40 --> Column 'schoolId' in where clause is ambiguous
ERROR - 2022-07-15 00:30:39 --> Column 'schoolId' in where clause is ambiguous
ERROR - 2022-07-15 00:42:34 --> Unknown column '{section_details.id' in 'field list'
CRITICAL - 2022-07-15 00:42:34 --> Call to a member function getResult() on bool
#0 C:\xampp\htdocs\great-minds-web-api\ci_app\system\BaseModel.php(584): CodeIgniter\Model->doFindAll(0, 0)
#1 C:\xampp\htdocs\great-minds-web-api\ci_app\app\Modules\Section\Models\Section_model.php(44): CodeIgniter\BaseModel->findAll()
#2 C:\xampp\htdocs\great-minds-web-api\ci_app\app\Modules\Section\Controllers\Api\Section.php(112): App\Modules\Section\Models\Section_model->getList('1')
#3 C:\xampp\htdocs\great-minds-web-api\ci_app\system\CodeIgniter.php(832): Modules\Section\Controllers\Api\Section->getList()
#4 C:\xampp\htdocs\great-minds-web-api\ci_app\system\CodeIgniter.php(419): CodeIgniter\CodeIgniter->runController(Object(Modules\Section\Controllers\Api\Section))
#5 C:\xampp\htdocs\great-minds-web-api\ci_app\system\CodeIgniter.php(326): CodeIgniter\CodeIgniter->handleRequest(NULL, Object(Config\Cache), false)
#6 C:\xampp\htdocs\great-minds-web-api\index.php(37): CodeIgniter\CodeIgniter->run()
#7 {main}
