CRITICAL - 2022-07-20 00:47:42 --> Too few arguments to function App\Modules\Section\Models\Assigned_teacher_model::teachersList(), 1 passed in C:\xampp\htdocs\great-minds-web-api\ci_app\app\Modules\Section\Controllers\Api\Section.php on line 188 and at least 3 expected
#0 C:\xampp\htdocs\great-minds-web-api\ci_app\app\Modules\Section\Controllers\Api\Section.php(188): App\Modules\Section\Models\Assigned_teacher_model->teachersList('3')
#1 C:\xampp\htdocs\great-minds-web-api\ci_app\system\CodeIgniter.php(832): Modules\Section\Controllers\Api\Section->getTeacherList()
#2 C:\xampp\htdocs\great-minds-web-api\ci_app\system\CodeIgniter.php(419): CodeIgniter\CodeIgniter->runController(Object(Modules\Section\Controllers\Api\Section))
#3 C:\xampp\htdocs\great-minds-web-api\ci_app\system\CodeIgniter.php(326): CodeIgniter\CodeIgniter->handleRequest(NULL, Object(Config\Cache), false)
#4 C:\xampp\htdocs\great-minds-web-api\index.php(37): CodeIgniter\CodeIgniter->run()
#5 {main}
ERROR - 2022-07-20 00:50:40 --> Unknown column 'assigned_teacher.section' in 'where clause'
ERROR - 2022-07-20 00:50:40 --> Unknown column 'assigned_teacher.section' in 'where clause'
CRITICAL - 2022-07-20 00:50:40 --> Call to a member function getResult() on bool
#0 C:\xampp\htdocs\great-minds-web-api\ci_app\system\BaseModel.php(584): CodeIgniter\Model->doFindAll(0, 0)
#1 C:\xampp\htdocs\great-minds-web-api\ci_app\app\Modules\Section\Models\Assigned_teacher_model.php(66): CodeIgniter\BaseModel->findAll(0, 0)
#2 C:\xampp\htdocs\great-minds-web-api\ci_app\app\Modules\Section\Controllers\Api\Section.php(191): App\Modules\Section\Models\Assigned_teacher_model->teachersList('3', 0, 0, '')
#3 C:\xampp\htdocs\great-minds-web-api\ci_app\system\CodeIgniter.php(832): Modules\Section\Controllers\Api\Section->getTeacherList()
#4 C:\xampp\htdocs\great-minds-web-api\ci_app\system\CodeIgniter.php(419): CodeIgniter\CodeIgniter->runController(Object(Modules\Section\Controllers\Api\Section))
#5 C:\xampp\htdocs\great-minds-web-api\ci_app\system\CodeIgniter.php(326): CodeIgniter\CodeIgniter->handleRequest(NULL, Object(Config\Cache), false)
#6 C:\xampp\htdocs\great-minds-web-api\index.php(37): CodeIgniter\CodeIgniter->run()
#7 {main}
ERROR - 2022-07-20 00:50:44 --> Unknown column 'assigned_teacher.section' in 'where clause'
ERROR - 2022-07-20 00:50:44 --> Unknown column 'assigned_teacher.section' in 'where clause'
CRITICAL - 2022-07-20 00:50:44 --> Call to a member function getResult() on bool
#0 C:\xampp\htdocs\great-minds-web-api\ci_app\system\BaseModel.php(584): CodeIgniter\Model->doFindAll(0, 0)
#1 C:\xampp\htdocs\great-minds-web-api\ci_app\app\Modules\Section\Models\Assigned_teacher_model.php(66): CodeIgniter\BaseModel->findAll(0, 0)
#2 C:\xampp\htdocs\great-minds-web-api\ci_app\app\Modules\Section\Controllers\Api\Section.php(191): App\Modules\Section\Models\Assigned_teacher_model->teachersList('3', 0, 0, '')
#3 C:\xampp\htdocs\great-minds-web-api\ci_app\system\CodeIgniter.php(832): Modules\Section\Controllers\Api\Section->getTeacherList()
#4 C:\xampp\htdocs\great-minds-web-api\ci_app\system\CodeIgniter.php(419): CodeIgniter\CodeIgniter->runController(Object(Modules\Section\Controllers\Api\Section))
#5 C:\xampp\htdocs\great-minds-web-api\ci_app\system\CodeIgniter.php(326): CodeIgniter\CodeIgniter->handleRequest(NULL, Object(Config\Cache), false)
#6 C:\xampp\htdocs\great-minds-web-api\index.php(37): CodeIgniter\CodeIgniter->run()
#7 {main}
ERROR - 2022-07-20 01:06:35 --> Duplicate column name 'schoolId'
ERROR - 2022-07-20 01:37:26 --> Unknown column 'cl.holidayId' in 'on clause'
CRITICAL - 2022-07-20 01:37:26 --> Call to a member function getResult() on bool
#0 C:\xampp\htdocs\great-minds-web-api\ci_app\system\BaseModel.php(584): CodeIgniter\Model->doFindAll(0, 0)
#1 C:\xampp\htdocs\great-minds-web-api\ci_app\app\Modules\Holiday\Models\Holiday_classes_model.php(45): CodeIgniter\BaseModel->findAll()
#2 C:\xampp\htdocs\great-minds-web-api\ci_app\app\Modules\Holiday\Controllers\Api\Holiday.php(127): App\Modules\Holiday\Models\Holiday_classes_model->holidayList('1')
#3 C:\xampp\htdocs\great-minds-web-api\ci_app\system\CodeIgniter.php(832): Modules\Holiday\Controllers\Api\Holiday->getList()
#4 C:\xampp\htdocs\great-minds-web-api\ci_app\system\CodeIgniter.php(419): CodeIgniter\CodeIgniter->runController(Object(Modules\Holiday\Controllers\Api\Holiday))
#5 C:\xampp\htdocs\great-minds-web-api\ci_app\system\CodeIgniter.php(326): CodeIgniter\CodeIgniter->handleRequest(NULL, Object(Config\Cache), false)
#6 C:\xampp\htdocs\great-minds-web-api\index.php(37): CodeIgniter\CodeIgniter->run()
#7 {main}
ERROR - 2022-07-20 02:04:51 --> FUNCTION great-minds-web-api.DATENAME does not exist
CRITICAL - 2022-07-20 02:04:51 --> Call to a member function getResult() on bool
#0 C:\xampp\htdocs\great-minds-web-api\ci_app\system\BaseModel.php(584): CodeIgniter\Model->doFindAll(0, 0)
#1 C:\xampp\htdocs\great-minds-web-api\ci_app\app\Modules\Holiday\Models\Holiday_classes_model.php(46): CodeIgniter\BaseModel->findAll()
#2 C:\xampp\htdocs\great-minds-web-api\ci_app\app\Modules\Holiday\Controllers\Api\Holiday.php(127): App\Modules\Holiday\Models\Holiday_classes_model->holidayList('1')
#3 C:\xampp\htdocs\great-minds-web-api\ci_app\system\CodeIgniter.php(832): Modules\Holiday\Controllers\Api\Holiday->getList()
#4 C:\xampp\htdocs\great-minds-web-api\ci_app\system\CodeIgniter.php(419): CodeIgniter\CodeIgniter->runController(Object(Modules\Holiday\Controllers\Api\Holiday))
#5 C:\xampp\htdocs\great-minds-web-api\ci_app\system\CodeIgniter.php(326): CodeIgniter\CodeIgniter->handleRequest(NULL, Object(Config\Cache), false)
#6 C:\xampp\htdocs\great-minds-web-api\index.php(37): CodeIgniter\CodeIgniter->run()
#7 {main}
ERROR - 2022-07-20 02:09:53 --> FUNCTION great-minds-web-api.DATENAME does not exist
CRITICAL - 2022-07-20 02:09:53 --> Call to a member function getResult() on bool
#0 C:\xampp\htdocs\great-minds-web-api\ci_app\system\BaseModel.php(584): CodeIgniter\Model->doFindAll(0, 0)
#1 C:\xampp\htdocs\great-minds-web-api\ci_app\app\Modules\Holiday\Models\Holiday_classes_model.php(46): CodeIgniter\BaseModel->findAll()
#2 C:\xampp\htdocs\great-minds-web-api\ci_app\app\Modules\Holiday\Controllers\Api\Holiday.php(127): App\Modules\Holiday\Models\Holiday_classes_model->holidayList('1')
#3 C:\xampp\htdocs\great-minds-web-api\ci_app\system\CodeIgniter.php(832): Modules\Holiday\Controllers\Api\Holiday->getList()
#4 C:\xampp\htdocs\great-minds-web-api\ci_app\system\CodeIgniter.php(419): CodeIgniter\CodeIgniter->runController(Object(Modules\Holiday\Controllers\Api\Holiday))
#5 C:\xampp\htdocs\great-minds-web-api\ci_app\system\CodeIgniter.php(326): CodeIgniter\CodeIgniter->handleRequest(NULL, Object(Config\Cache), false)
#6 C:\xampp\htdocs\great-minds-web-api\index.php(37): CodeIgniter\CodeIgniter->run()
#7 {main}
ERROR - 2022-07-20 02:10:18 --> FUNCTION great-minds-web-api.DATENAME does not exist
CRITICAL - 2022-07-20 02:10:18 --> Call to a member function getResult() on bool
#0 C:\xampp\htdocs\great-minds-web-api\ci_app\system\BaseModel.php(584): CodeIgniter\Model->doFindAll(0, 0)
#1 C:\xampp\htdocs\great-minds-web-api\ci_app\app\Modules\Holiday\Models\Holiday_classes_model.php(46): CodeIgniter\BaseModel->findAll()
#2 C:\xampp\htdocs\great-minds-web-api\ci_app\app\Modules\Holiday\Controllers\Api\Holiday.php(127): App\Modules\Holiday\Models\Holiday_classes_model->holidayList('1')
#3 C:\xampp\htdocs\great-minds-web-api\ci_app\system\CodeIgniter.php(832): Modules\Holiday\Controllers\Api\Holiday->getList()
#4 C:\xampp\htdocs\great-minds-web-api\ci_app\system\CodeIgniter.php(419): CodeIgniter\CodeIgniter->runController(Object(Modules\Holiday\Controllers\Api\Holiday))
#5 C:\xampp\htdocs\great-minds-web-api\ci_app\system\CodeIgniter.php(326): CodeIgniter\CodeIgniter->handleRequest(NULL, Object(Config\Cache), false)
#6 C:\xampp\htdocs\great-minds-web-api\index.php(37): CodeIgniter\CodeIgniter->run()
#7 {main}
ERROR - 2022-07-20 02:11:11 --> FUNCTION great-minds-web-api.DATENAME does not exist
CRITICAL - 2022-07-20 02:11:11 --> Call to a member function getResult() on bool
#0 C:\xampp\htdocs\great-minds-web-api\ci_app\system\BaseModel.php(584): CodeIgniter\Model->doFindAll(0, 0)
#1 C:\xampp\htdocs\great-minds-web-api\ci_app\app\Modules\Holiday\Models\Holiday_classes_model.php(46): CodeIgniter\BaseModel->findAll()
#2 C:\xampp\htdocs\great-minds-web-api\ci_app\app\Modules\Holiday\Controllers\Api\Holiday.php(127): App\Modules\Holiday\Models\Holiday_classes_model->holidayList('1')
#3 C:\xampp\htdocs\great-minds-web-api\ci_app\system\CodeIgniter.php(832): Modules\Holiday\Controllers\Api\Holiday->getList()
#4 C:\xampp\htdocs\great-minds-web-api\ci_app\system\CodeIgniter.php(419): CodeIgniter\CodeIgniter->runController(Object(Modules\Holiday\Controllers\Api\Holiday))
#5 C:\xampp\htdocs\great-minds-web-api\ci_app\system\CodeIgniter.php(326): CodeIgniter\CodeIgniter->handleRequest(NULL, Object(Config\Cache), false)
#6 C:\xampp\htdocs\great-minds-web-api\index.php(37): CodeIgniter\CodeIgniter->run()
#7 {main}
ERROR - 2022-07-20 02:11:31 --> FUNCTION great-minds-web-api.DATENAME does not exist
CRITICAL - 2022-07-20 02:11:31 --> Call to a member function getResult() on bool
#0 C:\xampp\htdocs\great-minds-web-api\ci_app\system\BaseModel.php(584): CodeIgniter\Model->doFindAll(0, 0)
#1 C:\xampp\htdocs\great-minds-web-api\ci_app\app\Modules\Holiday\Models\Holiday_classes_model.php(46): CodeIgniter\BaseModel->findAll()
#2 C:\xampp\htdocs\great-minds-web-api\ci_app\app\Modules\Holiday\Controllers\Api\Holiday.php(127): App\Modules\Holiday\Models\Holiday_classes_model->holidayList('1')
#3 C:\xampp\htdocs\great-minds-web-api\ci_app\system\CodeIgniter.php(832): Modules\Holiday\Controllers\Api\Holiday->getList()
#4 C:\xampp\htdocs\great-minds-web-api\ci_app\system\CodeIgniter.php(419): CodeIgniter\CodeIgniter->runController(Object(Modules\Holiday\Controllers\Api\Holiday))
#5 C:\xampp\htdocs\great-minds-web-api\ci_app\system\CodeIgniter.php(326): CodeIgniter\CodeIgniter->handleRequest(NULL, Object(Config\Cache), false)
#6 C:\xampp\htdocs\great-minds-web-api\index.php(37): CodeIgniter\CodeIgniter->run()
#7 {main}
ERROR - 2022-07-20 02:13:59 --> FUNCTION great-minds-web-api.DATENAME does not exist
CRITICAL - 2022-07-20 02:13:59 --> Call to a member function getResult() on bool
#0 C:\xampp\htdocs\great-minds-web-api\ci_app\system\BaseModel.php(584): CodeIgniter\Model->doFindAll(0, 0)
#1 C:\xampp\htdocs\great-minds-web-api\ci_app\app\Modules\Holiday\Models\Holiday_classes_model.php(46): CodeIgniter\BaseModel->findAll()
#2 C:\xampp\htdocs\great-minds-web-api\ci_app\app\Modules\Holiday\Controllers\Api\Holiday.php(127): App\Modules\Holiday\Models\Holiday_classes_model->holidayList('1')
#3 C:\xampp\htdocs\great-minds-web-api\ci_app\system\CodeIgniter.php(832): Modules\Holiday\Controllers\Api\Holiday->getList()
#4 C:\xampp\htdocs\great-minds-web-api\ci_app\system\CodeIgniter.php(419): CodeIgniter\CodeIgniter->runController(Object(Modules\Holiday\Controllers\Api\Holiday))
#5 C:\xampp\htdocs\great-minds-web-api\ci_app\system\CodeIgniter.php(326): CodeIgniter\CodeIgniter->handleRequest(NULL, Object(Config\Cache), false)
#6 C:\xampp\htdocs\great-minds-web-api\index.php(37): CodeIgniter\CodeIgniter->run()
#7 {main}
ERROR - 2022-07-20 02:14:15 --> FUNCTION great-minds-web-api.DATENAME does not exist
CRITICAL - 2022-07-20 02:14:15 --> Call to a member function getResult() on bool
#0 C:\xampp\htdocs\great-minds-web-api\ci_app\system\BaseModel.php(584): CodeIgniter\Model->doFindAll(0, 0)
#1 C:\xampp\htdocs\great-minds-web-api\ci_app\app\Modules\Holiday\Models\Holiday_classes_model.php(46): CodeIgniter\BaseModel->findAll()
#2 C:\xampp\htdocs\great-minds-web-api\ci_app\app\Modules\Holiday\Controllers\Api\Holiday.php(127): App\Modules\Holiday\Models\Holiday_classes_model->holidayList('1')
#3 C:\xampp\htdocs\great-minds-web-api\ci_app\system\CodeIgniter.php(832): Modules\Holiday\Controllers\Api\Holiday->getList()
#4 C:\xampp\htdocs\great-minds-web-api\ci_app\system\CodeIgniter.php(419): CodeIgniter\CodeIgniter->runController(Object(Modules\Holiday\Controllers\Api\Holiday))
#5 C:\xampp\htdocs\great-minds-web-api\ci_app\system\CodeIgniter.php(326): CodeIgniter\CodeIgniter->handleRequest(NULL, Object(Config\Cache), false)
#6 C:\xampp\htdocs\great-minds-web-api\index.php(37): CodeIgniter\CodeIgniter->run()
#7 {main}
ERROR - 2022-07-20 02:15:45 --> FUNCTION great-minds-web-api.DATENAME does not exist
CRITICAL - 2022-07-20 02:15:45 --> Call to a member function getResult() on bool
#0 C:\xampp\htdocs\great-minds-web-api\ci_app\system\BaseModel.php(584): CodeIgniter\Model->doFindAll(0, 0)
#1 C:\xampp\htdocs\great-minds-web-api\ci_app\app\Modules\Holiday\Models\Holiday_classes_model.php(46): CodeIgniter\BaseModel->findAll()
#2 C:\xampp\htdocs\great-minds-web-api\ci_app\app\Modules\Holiday\Controllers\Api\Holiday.php(127): App\Modules\Holiday\Models\Holiday_classes_model->holidayList('1')
#3 C:\xampp\htdocs\great-minds-web-api\ci_app\system\CodeIgniter.php(832): Modules\Holiday\Controllers\Api\Holiday->getList()
#4 C:\xampp\htdocs\great-minds-web-api\ci_app\system\CodeIgniter.php(419): CodeIgniter\CodeIgniter->runController(Object(Modules\Holiday\Controllers\Api\Holiday))
#5 C:\xampp\htdocs\great-minds-web-api\ci_app\system\CodeIgniter.php(326): CodeIgniter\CodeIgniter->handleRequest(NULL, Object(Config\Cache), false)
#6 C:\xampp\htdocs\great-minds-web-api\index.php(37): CodeIgniter\CodeIgniter->run()
#7 {main}
ERROR - 2022-07-20 02:35:46 --> FUNCTION great-minds-web-api.DATENAME does not exist
CRITICAL - 2022-07-20 02:35:46 --> Call to a member function getResult() on bool
#0 C:\xampp\htdocs\great-minds-web-api\ci_app\system\BaseModel.php(584): CodeIgniter\Model->doFindAll(0, 0)
#1 C:\xampp\htdocs\great-minds-web-api\ci_app\app\Modules\Holiday\Models\Holiday_classes_model.php(46): CodeIgniter\BaseModel->findAll()
#2 C:\xampp\htdocs\great-minds-web-api\ci_app\app\Modules\Holiday\Controllers\Api\Holiday.php(127): App\Modules\Holiday\Models\Holiday_classes_model->holidayList('1')
#3 C:\xampp\htdocs\great-minds-web-api\ci_app\system\CodeIgniter.php(832): Modules\Holiday\Controllers\Api\Holiday->getList()
#4 C:\xampp\htdocs\great-minds-web-api\ci_app\system\CodeIgniter.php(419): CodeIgniter\CodeIgniter->runController(Object(Modules\Holiday\Controllers\Api\Holiday))
#5 C:\xampp\htdocs\great-minds-web-api\ci_app\system\CodeIgniter.php(326): CodeIgniter\CodeIgniter->handleRequest(NULL, Object(Config\Cache), false)
#6 C:\xampp\htdocs\great-minds-web-api\index.php(37): CodeIgniter\CodeIgniter->run()
#7 {main}
ERROR - 2022-07-20 02:35:56 --> FUNCTION great-minds-web-api.DATENAME does not exist
CRITICAL - 2022-07-20 02:35:56 --> Call to a member function getResult() on bool
#0 C:\xampp\htdocs\great-minds-web-api\ci_app\system\BaseModel.php(584): CodeIgniter\Model->doFindAll(0, 0)
#1 C:\xampp\htdocs\great-minds-web-api\ci_app\app\Modules\Holiday\Models\Holiday_classes_model.php(46): CodeIgniter\BaseModel->findAll()
#2 C:\xampp\htdocs\great-minds-web-api\ci_app\app\Modules\Holiday\Controllers\Api\Holiday.php(127): App\Modules\Holiday\Models\Holiday_classes_model->holidayList('1')
#3 C:\xampp\htdocs\great-minds-web-api\ci_app\system\CodeIgniter.php(832): Modules\Holiday\Controllers\Api\Holiday->getList()
#4 C:\xampp\htdocs\great-minds-web-api\ci_app\system\CodeIgniter.php(419): CodeIgniter\CodeIgniter->runController(Object(Modules\Holiday\Controllers\Api\Holiday))
#5 C:\xampp\htdocs\great-minds-web-api\ci_app\system\CodeIgniter.php(326): CodeIgniter\CodeIgniter->handleRequest(NULL, Object(Config\Cache), false)
#6 C:\xampp\htdocs\great-minds-web-api\index.php(37): CodeIgniter\CodeIgniter->run()
#7 {main}
CRITICAL - 2022-07-20 03:55:33 --> Call to undefined function Modules\Holiday\Controllers\Api\DATENAME()
#0 C:\xampp\htdocs\great-minds-web-api\ci_app\system\CodeIgniter.php(832): Modules\Holiday\Controllers\Api\Holiday->getList()
#1 C:\xampp\htdocs\great-minds-web-api\ci_app\system\CodeIgniter.php(419): CodeIgniter\CodeIgniter->runController(Object(Modules\Holiday\Controllers\Api\Holiday))
#2 C:\xampp\htdocs\great-minds-web-api\ci_app\system\CodeIgniter.php(326): CodeIgniter\CodeIgniter->handleRequest(NULL, Object(Config\Cache), false)
#3 C:\xampp\htdocs\great-minds-web-api\index.php(37): CodeIgniter\CodeIgniter->run()
#4 {main}
ERROR - 2022-07-20 04:15:00 --> Unknown column 'day' in 'where clause'
ERROR - 2022-07-20 04:15:00 --> Unknown column 'day' in 'where clause'
CRITICAL - 2022-07-20 04:15:00 --> Call to a member function getResult() on bool
#0 C:\xampp\htdocs\great-minds-web-api\ci_app\system\BaseModel.php(584): CodeIgniter\Model->doFindAll(0, 0)
#1 C:\xampp\htdocs\great-minds-web-api\ci_app\app\Modules\Holiday\Models\Holiday_classes_model.php(72): CodeIgniter\BaseModel->findAll(0, 0)
#2 C:\xampp\htdocs\great-minds-web-api\ci_app\app\Modules\Holiday\Controllers\Api\Holiday.php(125): App\Modules\Holiday\Models\Holiday_classes_model->holidayList('1', 0, 0, '')
#3 C:\xampp\htdocs\great-minds-web-api\ci_app\system\CodeIgniter.php(832): Modules\Holiday\Controllers\Api\Holiday->getList()
#4 C:\xampp\htdocs\great-minds-web-api\ci_app\system\CodeIgniter.php(419): CodeIgniter\CodeIgniter->runController(Object(Modules\Holiday\Controllers\Api\Holiday))
#5 C:\xampp\htdocs\great-minds-web-api\ci_app\system\CodeIgniter.php(326): CodeIgniter\CodeIgniter->handleRequest(NULL, Object(Config\Cache), false)
#6 C:\xampp\htdocs\great-minds-web-api\index.php(37): CodeIgniter\CodeIgniter->run()
#7 {main}
ERROR - 2022-07-20 04:15:10 --> Unknown column 'day' in 'where clause'
ERROR - 2022-07-20 04:15:10 --> Unknown column 'day' in 'where clause'
CRITICAL - 2022-07-20 04:15:10 --> Call to a member function getResult() on bool
#0 C:\xampp\htdocs\great-minds-web-api\ci_app\system\BaseModel.php(584): CodeIgniter\Model->doFindAll(0, 0)
#1 C:\xampp\htdocs\great-minds-web-api\ci_app\app\Modules\Holiday\Models\Holiday_classes_model.php(72): CodeIgniter\BaseModel->findAll(0, 0)
#2 C:\xampp\htdocs\great-minds-web-api\ci_app\app\Modules\Holiday\Controllers\Api\Holiday.php(125): App\Modules\Holiday\Models\Holiday_classes_model->holidayList('1', 0, 0, '')
#3 C:\xampp\htdocs\great-minds-web-api\ci_app\system\CodeIgniter.php(832): Modules\Holiday\Controllers\Api\Holiday->getList()
#4 C:\xampp\htdocs\great-minds-web-api\ci_app\system\CodeIgniter.php(419): CodeIgniter\CodeIgniter->runController(Object(Modules\Holiday\Controllers\Api\Holiday))
#5 C:\xampp\htdocs\great-minds-web-api\ci_app\system\CodeIgniter.php(326): CodeIgniter\CodeIgniter->handleRequest(NULL, Object(Config\Cache), false)
#6 C:\xampp\htdocs\great-minds-web-api\index.php(37): CodeIgniter\CodeIgniter->run()
#7 {main}
ERROR - 2022-07-20 04:22:53 --> Unknown column 'day' in 'where clause'
ERROR - 2022-07-20 04:22:53 --> Unknown column 'day' in 'where clause'
CRITICAL - 2022-07-20 04:22:53 --> Call to a member function getResult() on bool
#0 C:\xampp\htdocs\great-minds-web-api\ci_app\system\BaseModel.php(584): CodeIgniter\Model->doFindAll(0, 0)
#1 C:\xampp\htdocs\great-minds-web-api\ci_app\app\Modules\Holiday\Models\Holiday_classes_model.php(72): CodeIgniter\BaseModel->findAll(0, 0)
#2 C:\xampp\htdocs\great-minds-web-api\ci_app\app\Modules\Holiday\Controllers\Api\Holiday.php(125): App\Modules\Holiday\Models\Holiday_classes_model->holidayListt('1', 0, 0, '')
#3 C:\xampp\htdocs\great-minds-web-api\ci_app\system\CodeIgniter.php(832): Modules\Holiday\Controllers\Api\Holiday->getList()
#4 C:\xampp\htdocs\great-minds-web-api\ci_app\system\CodeIgniter.php(419): CodeIgniter\CodeIgniter->runController(Object(Modules\Holiday\Controllers\Api\Holiday))
#5 C:\xampp\htdocs\great-minds-web-api\ci_app\system\CodeIgniter.php(326): CodeIgniter\CodeIgniter->handleRequest(NULL, Object(Config\Cache), false)
#6 C:\xampp\htdocs\great-minds-web-api\index.php(37): CodeIgniter\CodeIgniter->run()
#7 {main}
ERROR - 2022-07-20 04:23:26 --> Unknown column 'day' in 'where clause'
ERROR - 2022-07-20 04:23:26 --> Unknown column 'day' in 'where clause'
CRITICAL - 2022-07-20 04:23:26 --> Call to a member function getResult() on bool
#0 C:\xampp\htdocs\great-minds-web-api\ci_app\system\BaseModel.php(584): CodeIgniter\Model->doFindAll(0, 0)
#1 C:\xampp\htdocs\great-minds-web-api\ci_app\app\Modules\Holiday\Models\Holiday_classes_model.php(72): CodeIgniter\BaseModel->findAll(0, 0)
#2 C:\xampp\htdocs\great-minds-web-api\ci_app\app\Modules\Holiday\Controllers\Api\Holiday.php(125): App\Modules\Holiday\Models\Holiday_classes_model->holidayListt('1', 0, 0, '')
#3 C:\xampp\htdocs\great-minds-web-api\ci_app\system\CodeIgniter.php(832): Modules\Holiday\Controllers\Api\Holiday->getList()
#4 C:\xampp\htdocs\great-minds-web-api\ci_app\system\CodeIgniter.php(419): CodeIgniter\CodeIgniter->runController(Object(Modules\Holiday\Controllers\Api\Holiday))
#5 C:\xampp\htdocs\great-minds-web-api\ci_app\system\CodeIgniter.php(326): CodeIgniter\CodeIgniter->handleRequest(NULL, Object(Config\Cache), false)
#6 C:\xampp\htdocs\great-minds-web-api\index.php(37): CodeIgniter\CodeIgniter->run()
#7 {main}
ERROR - 2022-07-20 04:24:05 --> Unknown column 'day' in 'where clause'
ERROR - 2022-07-20 04:26:37 --> Unknown column 'day' in 'where clause'
ERROR - 2022-07-20 04:28:09 --> Unknown column 'day' in 'where clause'
ERROR - 2022-07-20 04:28:34 --> Invalid use of group function
ERROR - 2022-07-20 05:59:10 --> Unknown column 'holidayI' in 'where clause'
