ERROR - 2022-07-14 05:45:27 --> Table 'great-minds-web-api.section' doesn't exist
ERROR - 2022-07-14 05:45:54 --> Table 'great-minds-web-api.section' doesn't exist
ERROR - 2022-07-14 05:46:06 --> Table 'great-minds-web-api.section' doesn't exist
ERROR - 2022-07-14 05:46:33 --> Table 'great-minds-web-api.section' doesn't exist
ERROR - 2022-07-14 05:48:00 --> Table 'great-minds-web-api.section_details' doesn't exist
ERROR - 2022-07-14 05:48:09 --> Table 'great-minds-web-api.section_details' doesn't exist
ERROR - 2022-07-14 05:59:50 --> Column 'schoolId' cannot be null
ERROR - 2022-07-14 06:04:25 --> Column 'schoolId' cannot be null
ERROR - 2022-07-14 06:05:19 --> Column 'schoolId' cannot be null
ERROR - 2022-07-14 06:05:41 --> Column 'schoolId' cannot be null
ERROR - 2022-07-14 06:05:42 --> Column 'schoolId' cannot be null
ERROR - 2022-07-14 06:05:42 --> Column 'schoolId' cannot be null
ERROR - 2022-07-14 06:06:25 --> Column 'schoolId' cannot be null
ERROR - 2022-07-14 06:06:33 --> Column 'schoolId' cannot be null
ERROR - 2022-07-14 06:09:08 --> Column 'schoolId' cannot be null
ERROR - 2022-07-14 06:14:11 --> Column 'schoolId' cannot be null
ERROR - 2022-07-14 06:14:30 --> Column 'schoolId' cannot be null
ERROR - 2022-07-14 07:42:30 --> Column 'schoolId' in where clause is ambiguous
CRITICAL - 2022-07-14 07:42:30 --> Call to a member function getResult() on bool
#0 C:\xampp\htdocs\great-minds-web-api\ci_app\system\BaseModel.php(584): CodeIgniter\Model->doFindAll(0, 0)
#1 C:\xampp\htdocs\great-minds-web-api\ci_app\app\Modules\Section\Models\Section_model.php(47): CodeIgniter\BaseModel->findAll()
#2 C:\xampp\htdocs\great-minds-web-api\ci_app\app\Modules\Section\Controllers\Api\Section.php(113): App\Modules\Section\Models\Section_model->getList('1')
#3 C:\xampp\htdocs\great-minds-web-api\ci_app\system\CodeIgniter.php(832): Modules\Section\Controllers\Api\Section->getList()
#4 C:\xampp\htdocs\great-minds-web-api\ci_app\system\CodeIgniter.php(419): CodeIgniter\CodeIgniter->runController(Object(Modules\Section\Controllers\Api\Section))
#5 C:\xampp\htdocs\great-minds-web-api\ci_app\system\CodeIgniter.php(326): CodeIgniter\CodeIgniter->handleRequest(NULL, Object(Config\Cache), false)
#6 C:\xampp\htdocs\great-minds-web-api\index.php(37): CodeIgniter\CodeIgniter->run()
#7 {main}
ERROR - 2022-07-14 08:03:53 --> Unknown column '{$this->table}.section' in 'field list'
CRITICAL - 2022-07-14 08:03:53 --> Call to a member function getResult() on bool
#0 C:\xampp\htdocs\great-minds-web-api\ci_app\system\BaseModel.php(584): CodeIgniter\Model->doFindAll(0, 0)
#1 C:\xampp\htdocs\great-minds-web-api\ci_app\app\Modules\Section\Models\Section_model.php(48): CodeIgniter\BaseModel->findAll()
#2 C:\xampp\htdocs\great-minds-web-api\ci_app\app\Modules\Section\Controllers\Api\Section.php(113): App\Modules\Section\Models\Section_model->getList('1')
#3 C:\xampp\htdocs\great-minds-web-api\ci_app\system\CodeIgniter.php(832): Modules\Section\Controllers\Api\Section->getList()
#4 C:\xampp\htdocs\great-minds-web-api\ci_app\system\CodeIgniter.php(419): CodeIgniter\CodeIgniter->runController(Object(Modules\Section\Controllers\Api\Section))
#5 C:\xampp\htdocs\great-minds-web-api\ci_app\system\CodeIgniter.php(326): CodeIgniter\CodeIgniter->handleRequest(NULL, Object(Config\Cache), false)
#6 C:\xampp\htdocs\great-minds-web-api\index.php(37): CodeIgniter\CodeIgniter->run()
#7 {main}
ERROR - 2022-07-14 08:04:28 --> Column 'schoolId' in where clause is ambiguous
CRITICAL - 2022-07-14 08:04:28 --> Call to a member function getResult() on bool
#0 C:\xampp\htdocs\great-minds-web-api\ci_app\system\BaseModel.php(584): CodeIgniter\Model->doFindAll(0, 0)
#1 C:\xampp\htdocs\great-minds-web-api\ci_app\app\Modules\Section\Models\Section_model.php(48): CodeIgniter\BaseModel->findAll()
#2 C:\xampp\htdocs\great-minds-web-api\ci_app\app\Modules\Section\Controllers\Api\Section.php(113): App\Modules\Section\Models\Section_model->getList('1')
#3 C:\xampp\htdocs\great-minds-web-api\ci_app\system\CodeIgniter.php(832): Modules\Section\Controllers\Api\Section->getList()
#4 C:\xampp\htdocs\great-minds-web-api\ci_app\system\CodeIgniter.php(419): CodeIgniter\CodeIgniter->runController(Object(Modules\Section\Controllers\Api\Section))
#5 C:\xampp\htdocs\great-minds-web-api\ci_app\system\CodeIgniter.php(326): CodeIgniter\CodeIgniter->handleRequest(NULL, Object(Config\Cache), false)
#6 C:\xampp\htdocs\great-minds-web-api\index.php(37): CodeIgniter\CodeIgniter->run()
#7 {main}
CRITICAL - 2022-07-14 08:06:15 --> Cannot redeclare App\Modules\Section\Models\Section_model::getList()
#0 [internal function]: CodeIgniter\Debug\Exceptions->shutdownHandler()
#1 {main}
CRITICAL - 2022-07-14 08:06:16 --> Cannot redeclare App\Modules\Section\Models\Section_model::getList()
#0 [internal function]: CodeIgniter\Debug\Exceptions->shutdownHandler()
#1 {main}
CRITICAL - 2022-07-14 08:06:16 --> Cannot redeclare App\Modules\Section\Models\Section_model::getList()
#0 [internal function]: CodeIgniter\Debug\Exceptions->shutdownHandler()
#1 {main}
CRITICAL - 2022-07-14 08:07:53 --> Call to undefined method CodeIgniter\Database\MySQLi\Result::findAll()
#0 C:\xampp\htdocs\great-minds-web-api\ci_app\app\Modules\Section\Controllers\Api\Section.php(113): App\Modules\Section\Models\Section_model->getList('1')
#1 C:\xampp\htdocs\great-minds-web-api\ci_app\system\CodeIgniter.php(832): Modules\Section\Controllers\Api\Section->getList()
#2 C:\xampp\htdocs\great-minds-web-api\ci_app\system\CodeIgniter.php(419): CodeIgniter\CodeIgniter->runController(Object(Modules\Section\Controllers\Api\Section))
#3 C:\xampp\htdocs\great-minds-web-api\ci_app\system\CodeIgniter.php(326): CodeIgniter\CodeIgniter->handleRequest(NULL, Object(Config\Cache), false)
#4 C:\xampp\htdocs\great-minds-web-api\index.php(37): CodeIgniter\CodeIgniter->run()
#5 {main}
ERROR - 2022-07-14 08:08:11 --> Column 'schoolId' in where clause is ambiguous
CRITICAL - 2022-07-14 08:08:11 --> Call to a member function getResult() on bool
#0 C:\xampp\htdocs\great-minds-web-api\ci_app\system\BaseModel.php(584): CodeIgniter\Model->doFindAll(0, 0)
#1 C:\xampp\htdocs\great-minds-web-api\ci_app\app\Modules\Section\Models\Section_model.php(42): CodeIgniter\BaseModel->findAll()
#2 C:\xampp\htdocs\great-minds-web-api\ci_app\app\Modules\Section\Controllers\Api\Section.php(113): App\Modules\Section\Models\Section_model->getList('1')
#3 C:\xampp\htdocs\great-minds-web-api\ci_app\system\CodeIgniter.php(832): Modules\Section\Controllers\Api\Section->getList()
#4 C:\xampp\htdocs\great-minds-web-api\ci_app\system\CodeIgniter.php(419): CodeIgniter\CodeIgniter->runController(Object(Modules\Section\Controllers\Api\Section))
#5 C:\xampp\htdocs\great-minds-web-api\ci_app\system\CodeIgniter.php(326): CodeIgniter\CodeIgniter->handleRequest(NULL, Object(Config\Cache), false)
#6 C:\xampp\htdocs\great-minds-web-api\index.php(37): CodeIgniter\CodeIgniter->run()
#7 {main}
ERROR - 2022-07-14 08:09:50 --> Column 'schoolId' in where clause is ambiguous
CRITICAL - 2022-07-14 08:09:50 --> Call to a member function getResult() on bool
#0 C:\xampp\htdocs\great-minds-web-api\ci_app\system\BaseModel.php(584): CodeIgniter\Model->doFindAll(0, 0)
#1 C:\xampp\htdocs\great-minds-web-api\ci_app\app\Modules\Section\Models\Section_model.php(42): CodeIgniter\BaseModel->findAll()
#2 C:\xampp\htdocs\great-minds-web-api\ci_app\app\Modules\Section\Controllers\Api\Section.php(113): App\Modules\Section\Models\Section_model->getList('1')
#3 C:\xampp\htdocs\great-minds-web-api\ci_app\system\CodeIgniter.php(832): Modules\Section\Controllers\Api\Section->getList()
#4 C:\xampp\htdocs\great-minds-web-api\ci_app\system\CodeIgniter.php(419): CodeIgniter\CodeIgniter->runController(Object(Modules\Section\Controllers\Api\Section))
#5 C:\xampp\htdocs\great-minds-web-api\ci_app\system\CodeIgniter.php(326): CodeIgniter\CodeIgniter->handleRequest(NULL, Object(Config\Cache), false)
#6 C:\xampp\htdocs\great-minds-web-api\index.php(37): CodeIgniter\CodeIgniter->run()
#7 {main}
ERROR - 2022-07-14 08:11:08 --> Column 'schoolId' in where clause is ambiguous
CRITICAL - 2022-07-14 08:11:08 --> Call to a member function getResult() on bool
#0 C:\xampp\htdocs\great-minds-web-api\ci_app\system\BaseModel.php(584): CodeIgniter\Model->doFindAll(0, 0)
#1 C:\xampp\htdocs\great-minds-web-api\ci_app\app\Modules\Section\Models\Section_model.php(42): CodeIgniter\BaseModel->findAll()
#2 C:\xampp\htdocs\great-minds-web-api\ci_app\app\Modules\Section\Controllers\Api\Section.php(113): App\Modules\Section\Models\Section_model->getList('1')
#3 C:\xampp\htdocs\great-minds-web-api\ci_app\system\CodeIgniter.php(832): Modules\Section\Controllers\Api\Section->getList()
#4 C:\xampp\htdocs\great-minds-web-api\ci_app\system\CodeIgniter.php(419): CodeIgniter\CodeIgniter->runController(Object(Modules\Section\Controllers\Api\Section))
#5 C:\xampp\htdocs\great-minds-web-api\ci_app\system\CodeIgniter.php(326): CodeIgniter\CodeIgniter->handleRequest(NULL, Object(Config\Cache), false)
#6 C:\xampp\htdocs\great-minds-web-api\index.php(37): CodeIgniter\CodeIgniter->run()
#7 {main}
ERROR - 2022-07-14 08:11:36 --> Column 'schoolId' in where clause is ambiguous
CRITICAL - 2022-07-14 08:11:36 --> Call to a member function getResult() on bool
#0 C:\xampp\htdocs\great-minds-web-api\ci_app\system\BaseModel.php(584): CodeIgniter\Model->doFindAll(0, 0)
#1 C:\xampp\htdocs\great-minds-web-api\ci_app\app\Modules\Section\Models\Section_model.php(42): CodeIgniter\BaseModel->findAll()
#2 C:\xampp\htdocs\great-minds-web-api\ci_app\app\Modules\Section\Controllers\Api\Section.php(113): App\Modules\Section\Models\Section_model->getList('1')
#3 C:\xampp\htdocs\great-minds-web-api\ci_app\system\CodeIgniter.php(832): Modules\Section\Controllers\Api\Section->getList()
#4 C:\xampp\htdocs\great-minds-web-api\ci_app\system\CodeIgniter.php(419): CodeIgniter\CodeIgniter->runController(Object(Modules\Section\Controllers\Api\Section))
#5 C:\xampp\htdocs\great-minds-web-api\ci_app\system\CodeIgniter.php(326): CodeIgniter\CodeIgniter->handleRequest(NULL, Object(Config\Cache), false)
#6 C:\xampp\htdocs\great-minds-web-api\index.php(37): CodeIgniter\CodeIgniter->run()
#7 {main}
ERROR - 2022-07-14 08:14:32 --> Column 'schoolId' in where clause is ambiguous
CRITICAL - 2022-07-14 08:14:32 --> Call to a member function getResult() on bool
#0 C:\xampp\htdocs\great-minds-web-api\ci_app\system\BaseModel.php(584): CodeIgniter\Model->doFindAll(0, 0)
#1 C:\xampp\htdocs\great-minds-web-api\ci_app\app\Modules\Section\Models\Section_model.php(42): CodeIgniter\BaseModel->findAll()
#2 C:\xampp\htdocs\great-minds-web-api\ci_app\app\Modules\Section\Controllers\Api\Section.php(113): App\Modules\Section\Models\Section_model->getList('1')
#3 C:\xampp\htdocs\great-minds-web-api\ci_app\system\CodeIgniter.php(832): Modules\Section\Controllers\Api\Section->getList()
#4 C:\xampp\htdocs\great-minds-web-api\ci_app\system\CodeIgniter.php(419): CodeIgniter\CodeIgniter->runController(Object(Modules\Section\Controllers\Api\Section))
#5 C:\xampp\htdocs\great-minds-web-api\ci_app\system\CodeIgniter.php(326): CodeIgniter\CodeIgniter->handleRequest(NULL, Object(Config\Cache), false)
#6 C:\xampp\htdocs\great-minds-web-api\index.php(37): CodeIgniter\CodeIgniter->run()
#7 {main}
ERROR - 2022-07-14 08:15:02 --> Column 'schoolId' in where clause is ambiguous
CRITICAL - 2022-07-14 08:15:02 --> Call to a member function getResult() on bool
#0 C:\xampp\htdocs\great-minds-web-api\ci_app\system\BaseModel.php(584): CodeIgniter\Model->doFindAll(0, 0)
#1 C:\xampp\htdocs\great-minds-web-api\ci_app\app\Modules\Section\Models\Section_model.php(42): CodeIgniter\BaseModel->findAll()
#2 C:\xampp\htdocs\great-minds-web-api\ci_app\app\Modules\Section\Controllers\Api\Section.php(113): App\Modules\Section\Models\Section_model->getList('1')
#3 C:\xampp\htdocs\great-minds-web-api\ci_app\system\CodeIgniter.php(832): Modules\Section\Controllers\Api\Section->getList()
#4 C:\xampp\htdocs\great-minds-web-api\ci_app\system\CodeIgniter.php(419): CodeIgniter\CodeIgniter->runController(Object(Modules\Section\Controllers\Api\Section))
#5 C:\xampp\htdocs\great-minds-web-api\ci_app\system\CodeIgniter.php(326): CodeIgniter\CodeIgniter->handleRequest(NULL, Object(Config\Cache), false)
#6 C:\xampp\htdocs\great-minds-web-api\index.php(37): CodeIgniter\CodeIgniter->run()
#7 {main}
ERROR - 2022-07-14 08:15:03 --> Column 'schoolId' in where clause is ambiguous
CRITICAL - 2022-07-14 08:15:03 --> Call to a member function getResult() on bool
#0 C:\xampp\htdocs\great-minds-web-api\ci_app\system\BaseModel.php(584): CodeIgniter\Model->doFindAll(0, 0)
#1 C:\xampp\htdocs\great-minds-web-api\ci_app\app\Modules\Section\Models\Section_model.php(42): CodeIgniter\BaseModel->findAll()
#2 C:\xampp\htdocs\great-minds-web-api\ci_app\app\Modules\Section\Controllers\Api\Section.php(113): App\Modules\Section\Models\Section_model->getList('1')
#3 C:\xampp\htdocs\great-minds-web-api\ci_app\system\CodeIgniter.php(832): Modules\Section\Controllers\Api\Section->getList()
#4 C:\xampp\htdocs\great-minds-web-api\ci_app\system\CodeIgniter.php(419): CodeIgniter\CodeIgniter->runController(Object(Modules\Section\Controllers\Api\Section))
#5 C:\xampp\htdocs\great-minds-web-api\ci_app\system\CodeIgniter.php(326): CodeIgniter\CodeIgniter->handleRequest(NULL, Object(Config\Cache), false)
#6 C:\xampp\htdocs\great-minds-web-api\index.php(37): CodeIgniter\CodeIgniter->run()
#7 {main}
ERROR - 2022-07-14 08:15:46 --> Column 'schoolId' in where clause is ambiguous
CRITICAL - 2022-07-14 08:15:47 --> Call to a member function getResult() on bool
#0 C:\xampp\htdocs\great-minds-web-api\ci_app\system\BaseModel.php(584): CodeIgniter\Model->doFindAll(0, 0)
#1 C:\xampp\htdocs\great-minds-web-api\ci_app\app\Modules\Section\Models\Section_model.php(42): CodeIgniter\BaseModel->findAll()
#2 C:\xampp\htdocs\great-minds-web-api\ci_app\app\Modules\Section\Controllers\Api\Section.php(113): App\Modules\Section\Models\Section_model->getList('1')
#3 C:\xampp\htdocs\great-minds-web-api\ci_app\system\CodeIgniter.php(832): Modules\Section\Controllers\Api\Section->getList()
#4 C:\xampp\htdocs\great-minds-web-api\ci_app\system\CodeIgniter.php(419): CodeIgniter\CodeIgniter->runController(Object(Modules\Section\Controllers\Api\Section))
#5 C:\xampp\htdocs\great-minds-web-api\ci_app\system\CodeIgniter.php(326): CodeIgniter\CodeIgniter->handleRequest(NULL, Object(Config\Cache), false)
#6 C:\xampp\htdocs\great-minds-web-api\index.php(37): CodeIgniter\CodeIgniter->run()
#7 {main}
ERROR - 2022-07-14 08:15:47 --> Column 'schoolId' in where clause is ambiguous
CRITICAL - 2022-07-14 08:15:47 --> Call to a member function getResult() on bool
#0 C:\xampp\htdocs\great-minds-web-api\ci_app\system\BaseModel.php(584): CodeIgniter\Model->doFindAll(0, 0)
#1 C:\xampp\htdocs\great-minds-web-api\ci_app\app\Modules\Section\Models\Section_model.php(42): CodeIgniter\BaseModel->findAll()
#2 C:\xampp\htdocs\great-minds-web-api\ci_app\app\Modules\Section\Controllers\Api\Section.php(113): App\Modules\Section\Models\Section_model->getList('1')
#3 C:\xampp\htdocs\great-minds-web-api\ci_app\system\CodeIgniter.php(832): Modules\Section\Controllers\Api\Section->getList()
#4 C:\xampp\htdocs\great-minds-web-api\ci_app\system\CodeIgniter.php(419): CodeIgniter\CodeIgniter->runController(Object(Modules\Section\Controllers\Api\Section))
#5 C:\xampp\htdocs\great-minds-web-api\ci_app\system\CodeIgniter.php(326): CodeIgniter\CodeIgniter->handleRequest(NULL, Object(Config\Cache), false)
#6 C:\xampp\htdocs\great-minds-web-api\index.php(37): CodeIgniter\CodeIgniter->run()
#7 {main}
ERROR - 2022-07-14 08:15:55 --> Column 'schoolId' in where clause is ambiguous
CRITICAL - 2022-07-14 08:15:55 --> Call to a member function getResult() on bool
#0 C:\xampp\htdocs\great-minds-web-api\ci_app\system\BaseModel.php(584): CodeIgniter\Model->doFindAll(0, 0)
#1 C:\xampp\htdocs\great-minds-web-api\ci_app\app\Modules\Section\Models\Section_model.php(42): CodeIgniter\BaseModel->findAll()
#2 C:\xampp\htdocs\great-minds-web-api\ci_app\app\Modules\Section\Controllers\Api\Section.php(113): App\Modules\Section\Models\Section_model->getList('1')
#3 C:\xampp\htdocs\great-minds-web-api\ci_app\system\CodeIgniter.php(832): Modules\Section\Controllers\Api\Section->getList()
#4 C:\xampp\htdocs\great-minds-web-api\ci_app\system\CodeIgniter.php(419): CodeIgniter\CodeIgniter->runController(Object(Modules\Section\Controllers\Api\Section))
#5 C:\xampp\htdocs\great-minds-web-api\ci_app\system\CodeIgniter.php(326): CodeIgniter\CodeIgniter->handleRequest(NULL, Object(Config\Cache), false)
#6 C:\xampp\htdocs\great-minds-web-api\index.php(37): CodeIgniter\CodeIgniter->run()
#7 {main}
ERROR - 2022-07-14 08:15:55 --> Column 'schoolId' in where clause is ambiguous
CRITICAL - 2022-07-14 08:15:55 --> Call to a member function getResult() on bool
#0 C:\xampp\htdocs\great-minds-web-api\ci_app\system\BaseModel.php(584): CodeIgniter\Model->doFindAll(0, 0)
#1 C:\xampp\htdocs\great-minds-web-api\ci_app\app\Modules\Section\Models\Section_model.php(42): CodeIgniter\BaseModel->findAll()
#2 C:\xampp\htdocs\great-minds-web-api\ci_app\app\Modules\Section\Controllers\Api\Section.php(113): App\Modules\Section\Models\Section_model->getList('1')
#3 C:\xampp\htdocs\great-minds-web-api\ci_app\system\CodeIgniter.php(832): Modules\Section\Controllers\Api\Section->getList()
#4 C:\xampp\htdocs\great-minds-web-api\ci_app\system\CodeIgniter.php(419): CodeIgniter\CodeIgniter->runController(Object(Modules\Section\Controllers\Api\Section))
#5 C:\xampp\htdocs\great-minds-web-api\ci_app\system\CodeIgniter.php(326): CodeIgniter\CodeIgniter->handleRequest(NULL, Object(Config\Cache), false)
#6 C:\xampp\htdocs\great-minds-web-api\index.php(37): CodeIgniter\CodeIgniter->run()
#7 {main}
ERROR - 2022-07-14 08:16:05 --> Column 'schoolId' in where clause is ambiguous
CRITICAL - 2022-07-14 08:16:05 --> Call to a member function getResult() on bool
#0 C:\xampp\htdocs\great-minds-web-api\ci_app\system\BaseModel.php(584): CodeIgniter\Model->doFindAll(0, 0)
#1 C:\xampp\htdocs\great-minds-web-api\ci_app\app\Modules\Section\Models\Section_model.php(42): CodeIgniter\BaseModel->findAll()
#2 C:\xampp\htdocs\great-minds-web-api\ci_app\app\Modules\Section\Controllers\Api\Section.php(113): App\Modules\Section\Models\Section_model->getList('1')
#3 C:\xampp\htdocs\great-minds-web-api\ci_app\system\CodeIgniter.php(832): Modules\Section\Controllers\Api\Section->getList()
#4 C:\xampp\htdocs\great-minds-web-api\ci_app\system\CodeIgniter.php(419): CodeIgniter\CodeIgniter->runController(Object(Modules\Section\Controllers\Api\Section))
#5 C:\xampp\htdocs\great-minds-web-api\ci_app\system\CodeIgniter.php(326): CodeIgniter\CodeIgniter->handleRequest(NULL, Object(Config\Cache), false)
#6 C:\xampp\htdocs\great-minds-web-api\index.php(37): CodeIgniter\CodeIgniter->run()
#7 {main}
ERROR - 2022-07-14 08:16:27 --> Column 'schoolId' in where clause is ambiguous
CRITICAL - 2022-07-14 08:16:27 --> Call to a member function getResult() on bool
#0 C:\xampp\htdocs\great-minds-web-api\ci_app\system\BaseModel.php(584): CodeIgniter\Model->doFindAll(0, 0)
#1 C:\xampp\htdocs\great-minds-web-api\ci_app\app\Modules\Section\Models\Section_model.php(42): CodeIgniter\BaseModel->findAll()
#2 C:\xampp\htdocs\great-minds-web-api\ci_app\app\Modules\Section\Controllers\Api\Section.php(113): App\Modules\Section\Models\Section_model->getList('1')
#3 C:\xampp\htdocs\great-minds-web-api\ci_app\system\CodeIgniter.php(832): Modules\Section\Controllers\Api\Section->getList()
#4 C:\xampp\htdocs\great-minds-web-api\ci_app\system\CodeIgniter.php(419): CodeIgniter\CodeIgniter->runController(Object(Modules\Section\Controllers\Api\Section))
#5 C:\xampp\htdocs\great-minds-web-api\ci_app\system\CodeIgniter.php(326): CodeIgniter\CodeIgniter->handleRequest(NULL, Object(Config\Cache), false)
#6 C:\xampp\htdocs\great-minds-web-api\index.php(37): CodeIgniter\CodeIgniter->run()
#7 {main}
ERROR - 2022-07-14 08:16:28 --> Column 'schoolId' in where clause is ambiguous
CRITICAL - 2022-07-14 08:16:28 --> Call to a member function getResult() on bool
#0 C:\xampp\htdocs\great-minds-web-api\ci_app\system\BaseModel.php(584): CodeIgniter\Model->doFindAll(0, 0)
#1 C:\xampp\htdocs\great-minds-web-api\ci_app\app\Modules\Section\Models\Section_model.php(42): CodeIgniter\BaseModel->findAll()
#2 C:\xampp\htdocs\great-minds-web-api\ci_app\app\Modules\Section\Controllers\Api\Section.php(113): App\Modules\Section\Models\Section_model->getList('1')
#3 C:\xampp\htdocs\great-minds-web-api\ci_app\system\CodeIgniter.php(832): Modules\Section\Controllers\Api\Section->getList()
#4 C:\xampp\htdocs\great-minds-web-api\ci_app\system\CodeIgniter.php(419): CodeIgniter\CodeIgniter->runController(Object(Modules\Section\Controllers\Api\Section))
#5 C:\xampp\htdocs\great-minds-web-api\ci_app\system\CodeIgniter.php(326): CodeIgniter\CodeIgniter->handleRequest(NULL, Object(Config\Cache), false)
#6 C:\xampp\htdocs\great-minds-web-api\index.php(37): CodeIgniter\CodeIgniter->run()
#7 {main}
ERROR - 2022-07-14 08:17:11 --> Column 'schoolId' in where clause is ambiguous
CRITICAL - 2022-07-14 08:17:11 --> Call to a member function getResult() on bool
#0 C:\xampp\htdocs\great-minds-web-api\ci_app\system\BaseModel.php(584): CodeIgniter\Model->doFindAll(0, 0)
#1 C:\xampp\htdocs\great-minds-web-api\ci_app\app\Modules\Section\Models\Section_model.php(42): CodeIgniter\BaseModel->findAll()
#2 C:\xampp\htdocs\great-minds-web-api\ci_app\app\Modules\Section\Controllers\Api\Section.php(113): App\Modules\Section\Models\Section_model->getList('1')
#3 C:\xampp\htdocs\great-minds-web-api\ci_app\system\CodeIgniter.php(832): Modules\Section\Controllers\Api\Section->getList()
#4 C:\xampp\htdocs\great-minds-web-api\ci_app\system\CodeIgniter.php(419): CodeIgniter\CodeIgniter->runController(Object(Modules\Section\Controllers\Api\Section))
#5 C:\xampp\htdocs\great-minds-web-api\ci_app\system\CodeIgniter.php(326): CodeIgniter\CodeIgniter->handleRequest(NULL, Object(Config\Cache), false)
#6 C:\xampp\htdocs\great-minds-web-api\index.php(37): CodeIgniter\CodeIgniter->run()
#7 {main}
ERROR - 2022-07-14 08:17:12 --> Column 'schoolId' in where clause is ambiguous
CRITICAL - 2022-07-14 08:17:12 --> Call to a member function getResult() on bool
#0 C:\xampp\htdocs\great-minds-web-api\ci_app\system\BaseModel.php(584): CodeIgniter\Model->doFindAll(0, 0)
#1 C:\xampp\htdocs\great-minds-web-api\ci_app\app\Modules\Section\Models\Section_model.php(42): CodeIgniter\BaseModel->findAll()
#2 C:\xampp\htdocs\great-minds-web-api\ci_app\app\Modules\Section\Controllers\Api\Section.php(113): App\Modules\Section\Models\Section_model->getList('1')
#3 C:\xampp\htdocs\great-minds-web-api\ci_app\system\CodeIgniter.php(832): Modules\Section\Controllers\Api\Section->getList()
#4 C:\xampp\htdocs\great-minds-web-api\ci_app\system\CodeIgniter.php(419): CodeIgniter\CodeIgniter->runController(Object(Modules\Section\Controllers\Api\Section))
#5 C:\xampp\htdocs\great-minds-web-api\ci_app\system\CodeIgniter.php(326): CodeIgniter\CodeIgniter->handleRequest(NULL, Object(Config\Cache), false)
#6 C:\xampp\htdocs\great-minds-web-api\index.php(37): CodeIgniter\CodeIgniter->run()
#7 {main}
ERROR - 2022-07-14 08:17:47 --> Column 'schoolId' in where clause is ambiguous
CRITICAL - 2022-07-14 08:17:47 --> Call to a member function getResult() on bool
#0 C:\xampp\htdocs\great-minds-web-api\ci_app\system\BaseModel.php(584): CodeIgniter\Model->doFindAll(0, 0)
#1 C:\xampp\htdocs\great-minds-web-api\ci_app\app\Modules\Section\Models\Section_model.php(42): CodeIgniter\BaseModel->findAll()
#2 C:\xampp\htdocs\great-minds-web-api\ci_app\app\Modules\Section\Controllers\Api\Section.php(113): App\Modules\Section\Models\Section_model->getList('1')
#3 C:\xampp\htdocs\great-minds-web-api\ci_app\system\CodeIgniter.php(832): Modules\Section\Controllers\Api\Section->getList()
#4 C:\xampp\htdocs\great-minds-web-api\ci_app\system\CodeIgniter.php(419): CodeIgniter\CodeIgniter->runController(Object(Modules\Section\Controllers\Api\Section))
#5 C:\xampp\htdocs\great-minds-web-api\ci_app\system\CodeIgniter.php(326): CodeIgniter\CodeIgniter->handleRequest(NULL, Object(Config\Cache), false)
#6 C:\xampp\htdocs\great-minds-web-api\index.php(37): CodeIgniter\CodeIgniter->run()
#7 {main}
ERROR - 2022-07-14 08:17:53 --> Column 'schoolId' in where clause is ambiguous
CRITICAL - 2022-07-14 08:17:53 --> Call to a member function getResult() on bool
#0 C:\xampp\htdocs\great-minds-web-api\ci_app\system\BaseModel.php(584): CodeIgniter\Model->doFindAll(0, 0)
#1 C:\xampp\htdocs\great-minds-web-api\ci_app\app\Modules\Section\Models\Section_model.php(42): CodeIgniter\BaseModel->findAll()
#2 C:\xampp\htdocs\great-minds-web-api\ci_app\app\Modules\Section\Controllers\Api\Section.php(113): App\Modules\Section\Models\Section_model->getList('1')
#3 C:\xampp\htdocs\great-minds-web-api\ci_app\system\CodeIgniter.php(832): Modules\Section\Controllers\Api\Section->getList()
#4 C:\xampp\htdocs\great-minds-web-api\ci_app\system\CodeIgniter.php(419): CodeIgniter\CodeIgniter->runController(Object(Modules\Section\Controllers\Api\Section))
#5 C:\xampp\htdocs\great-minds-web-api\ci_app\system\CodeIgniter.php(326): CodeIgniter\CodeIgniter->handleRequest(NULL, Object(Config\Cache), false)
#6 C:\xampp\htdocs\great-minds-web-api\index.php(37): CodeIgniter\CodeIgniter->run()
#7 {main}
ERROR - 2022-07-14 08:18:06 --> Column 'schoolId' in where clause is ambiguous
CRITICAL - 2022-07-14 08:18:06 --> Call to a member function getResult() on bool
#0 C:\xampp\htdocs\great-minds-web-api\ci_app\system\BaseModel.php(584): CodeIgniter\Model->doFindAll(0, 0)
#1 C:\xampp\htdocs\great-minds-web-api\ci_app\app\Modules\Section\Models\Section_model.php(42): CodeIgniter\BaseModel->findAll()
#2 C:\xampp\htdocs\great-minds-web-api\ci_app\app\Modules\Section\Controllers\Api\Section.php(113): App\Modules\Section\Models\Section_model->getList('1')
#3 C:\xampp\htdocs\great-minds-web-api\ci_app\system\CodeIgniter.php(832): Modules\Section\Controllers\Api\Section->getList()
#4 C:\xampp\htdocs\great-minds-web-api\ci_app\system\CodeIgniter.php(419): CodeIgniter\CodeIgniter->runController(Object(Modules\Section\Controllers\Api\Section))
#5 C:\xampp\htdocs\great-minds-web-api\ci_app\system\CodeIgniter.php(326): CodeIgniter\CodeIgniter->handleRequest(NULL, Object(Config\Cache), false)
#6 C:\xampp\htdocs\great-minds-web-api\index.php(37): CodeIgniter\CodeIgniter->run()
#7 {main}
ERROR - 2022-07-14 08:18:06 --> Column 'schoolId' in where clause is ambiguous
CRITICAL - 2022-07-14 08:18:06 --> Call to a member function getResult() on bool
#0 C:\xampp\htdocs\great-minds-web-api\ci_app\system\BaseModel.php(584): CodeIgniter\Model->doFindAll(0, 0)
#1 C:\xampp\htdocs\great-minds-web-api\ci_app\app\Modules\Section\Models\Section_model.php(42): CodeIgniter\BaseModel->findAll()
#2 C:\xampp\htdocs\great-minds-web-api\ci_app\app\Modules\Section\Controllers\Api\Section.php(113): App\Modules\Section\Models\Section_model->getList('1')
#3 C:\xampp\htdocs\great-minds-web-api\ci_app\system\CodeIgniter.php(832): Modules\Section\Controllers\Api\Section->getList()
#4 C:\xampp\htdocs\great-minds-web-api\ci_app\system\CodeIgniter.php(419): CodeIgniter\CodeIgniter->runController(Object(Modules\Section\Controllers\Api\Section))
#5 C:\xampp\htdocs\great-minds-web-api\ci_app\system\CodeIgniter.php(326): CodeIgniter\CodeIgniter->handleRequest(NULL, Object(Config\Cache), false)
#6 C:\xampp\htdocs\great-minds-web-api\index.php(37): CodeIgniter\CodeIgniter->run()
#7 {main}
ERROR - 2022-07-14 08:18:09 --> Column 'schoolId' in where clause is ambiguous
CRITICAL - 2022-07-14 08:18:09 --> Call to a member function getResult() on bool
#0 C:\xampp\htdocs\great-minds-web-api\ci_app\system\BaseModel.php(584): CodeIgniter\Model->doFindAll(0, 0)
#1 C:\xampp\htdocs\great-minds-web-api\ci_app\app\Modules\Section\Models\Section_model.php(42): CodeIgniter\BaseModel->findAll()
#2 C:\xampp\htdocs\great-minds-web-api\ci_app\app\Modules\Section\Controllers\Api\Section.php(113): App\Modules\Section\Models\Section_model->getList('1')
#3 C:\xampp\htdocs\great-minds-web-api\ci_app\system\CodeIgniter.php(832): Modules\Section\Controllers\Api\Section->getList()
#4 C:\xampp\htdocs\great-minds-web-api\ci_app\system\CodeIgniter.php(419): CodeIgniter\CodeIgniter->runController(Object(Modules\Section\Controllers\Api\Section))
#5 C:\xampp\htdocs\great-minds-web-api\ci_app\system\CodeIgniter.php(326): CodeIgniter\CodeIgniter->handleRequest(NULL, Object(Config\Cache), false)
#6 C:\xampp\htdocs\great-minds-web-api\index.php(37): CodeIgniter\CodeIgniter->run()
#7 {main}
ERROR - 2022-07-14 08:18:29 --> Column 'schoolId' in where clause is ambiguous
CRITICAL - 2022-07-14 08:18:29 --> Call to a member function getResult() on bool
#0 C:\xampp\htdocs\great-minds-web-api\ci_app\system\BaseModel.php(584): CodeIgniter\Model->doFindAll(0, 0)
#1 C:\xampp\htdocs\great-minds-web-api\ci_app\app\Modules\Section\Models\Section_model.php(42): CodeIgniter\BaseModel->findAll()
#2 C:\xampp\htdocs\great-minds-web-api\ci_app\app\Modules\Section\Controllers\Api\Section.php(113): App\Modules\Section\Models\Section_model->getList('1')
#3 C:\xampp\htdocs\great-minds-web-api\ci_app\system\CodeIgniter.php(832): Modules\Section\Controllers\Api\Section->getList()
#4 C:\xampp\htdocs\great-minds-web-api\ci_app\system\CodeIgniter.php(419): CodeIgniter\CodeIgniter->runController(Object(Modules\Section\Controllers\Api\Section))
#5 C:\xampp\htdocs\great-minds-web-api\ci_app\system\CodeIgniter.php(326): CodeIgniter\CodeIgniter->handleRequest(NULL, Object(Config\Cache), false)
#6 C:\xampp\htdocs\great-minds-web-api\index.php(37): CodeIgniter\CodeIgniter->run()
#7 {main}
ERROR - 2022-07-14 08:18:54 --> Column 'schoolId' in where clause is ambiguous
CRITICAL - 2022-07-14 08:18:54 --> Call to a member function getResult() on bool
#0 C:\xampp\htdocs\great-minds-web-api\ci_app\system\BaseModel.php(584): CodeIgniter\Model->doFindAll(0, 0)
#1 C:\xampp\htdocs\great-minds-web-api\ci_app\app\Modules\Section\Models\Section_model.php(42): CodeIgniter\BaseModel->findAll()
#2 C:\xampp\htdocs\great-minds-web-api\ci_app\app\Modules\Section\Controllers\Api\Section.php(113): App\Modules\Section\Models\Section_model->getList('1')
#3 C:\xampp\htdocs\great-minds-web-api\ci_app\system\CodeIgniter.php(832): Modules\Section\Controllers\Api\Section->getList()
#4 C:\xampp\htdocs\great-minds-web-api\ci_app\system\CodeIgniter.php(419): CodeIgniter\CodeIgniter->runController(Object(Modules\Section\Controllers\Api\Section))
#5 C:\xampp\htdocs\great-minds-web-api\ci_app\system\CodeIgniter.php(326): CodeIgniter\CodeIgniter->handleRequest(NULL, Object(Config\Cache), false)
#6 C:\xampp\htdocs\great-minds-web-api\index.php(37): CodeIgniter\CodeIgniter->run()
#7 {main}
ERROR - 2022-07-14 08:18:55 --> Column 'schoolId' in where clause is ambiguous
CRITICAL - 2022-07-14 08:18:55 --> Call to a member function getResult() on bool
#0 C:\xampp\htdocs\great-minds-web-api\ci_app\system\BaseModel.php(584): CodeIgniter\Model->doFindAll(0, 0)
#1 C:\xampp\htdocs\great-minds-web-api\ci_app\app\Modules\Section\Models\Section_model.php(42): CodeIgniter\BaseModel->findAll()
#2 C:\xampp\htdocs\great-minds-web-api\ci_app\app\Modules\Section\Controllers\Api\Section.php(113): App\Modules\Section\Models\Section_model->getList('1')
#3 C:\xampp\htdocs\great-minds-web-api\ci_app\system\CodeIgniter.php(832): Modules\Section\Controllers\Api\Section->getList()
#4 C:\xampp\htdocs\great-minds-web-api\ci_app\system\CodeIgniter.php(419): CodeIgniter\CodeIgniter->runController(Object(Modules\Section\Controllers\Api\Section))
#5 C:\xampp\htdocs\great-minds-web-api\ci_app\system\CodeIgniter.php(326): CodeIgniter\CodeIgniter->handleRequest(NULL, Object(Config\Cache), false)
#6 C:\xampp\htdocs\great-minds-web-api\index.php(37): CodeIgniter\CodeIgniter->run()
#7 {main}
ERROR - 2022-07-14 08:18:55 --> Column 'schoolId' in where clause is ambiguous
CRITICAL - 2022-07-14 08:18:55 --> Call to a member function getResult() on bool
#0 C:\xampp\htdocs\great-minds-web-api\ci_app\system\BaseModel.php(584): CodeIgniter\Model->doFindAll(0, 0)
#1 C:\xampp\htdocs\great-minds-web-api\ci_app\app\Modules\Section\Models\Section_model.php(42): CodeIgniter\BaseModel->findAll()
#2 C:\xampp\htdocs\great-minds-web-api\ci_app\app\Modules\Section\Controllers\Api\Section.php(113): App\Modules\Section\Models\Section_model->getList('1')
#3 C:\xampp\htdocs\great-minds-web-api\ci_app\system\CodeIgniter.php(832): Modules\Section\Controllers\Api\Section->getList()
#4 C:\xampp\htdocs\great-minds-web-api\ci_app\system\CodeIgniter.php(419): CodeIgniter\CodeIgniter->runController(Object(Modules\Section\Controllers\Api\Section))
#5 C:\xampp\htdocs\great-minds-web-api\ci_app\system\CodeIgniter.php(326): CodeIgniter\CodeIgniter->handleRequest(NULL, Object(Config\Cache), false)
#6 C:\xampp\htdocs\great-minds-web-api\index.php(37): CodeIgniter\CodeIgniter->run()
#7 {main}
ERROR - 2022-07-14 08:19:47 --> Column 'schoolId' in where clause is ambiguous
CRITICAL - 2022-07-14 08:19:47 --> Call to a member function getResult() on bool
#0 C:\xampp\htdocs\great-minds-web-api\ci_app\system\BaseModel.php(584): CodeIgniter\Model->doFindAll(0, 0)
#1 C:\xampp\htdocs\great-minds-web-api\ci_app\app\Modules\Section\Models\Section_model.php(42): CodeIgniter\BaseModel->findAll()
#2 C:\xampp\htdocs\great-minds-web-api\ci_app\app\Modules\Section\Controllers\Api\Section.php(113): App\Modules\Section\Models\Section_model->getList('1')
#3 C:\xampp\htdocs\great-minds-web-api\ci_app\system\CodeIgniter.php(832): Modules\Section\Controllers\Api\Section->getList()
#4 C:\xampp\htdocs\great-minds-web-api\ci_app\system\CodeIgniter.php(419): CodeIgniter\CodeIgniter->runController(Object(Modules\Section\Controllers\Api\Section))
#5 C:\xampp\htdocs\great-minds-web-api\ci_app\system\CodeIgniter.php(326): CodeIgniter\CodeIgniter->handleRequest(NULL, Object(Config\Cache), false)
#6 C:\xampp\htdocs\great-minds-web-api\index.php(37): CodeIgniter\CodeIgniter->run()
#7 {main}
ERROR - 2022-07-14 08:19:48 --> Column 'schoolId' in where clause is ambiguous
CRITICAL - 2022-07-14 08:19:48 --> Call to a member function getResult() on bool
#0 C:\xampp\htdocs\great-minds-web-api\ci_app\system\BaseModel.php(584): CodeIgniter\Model->doFindAll(0, 0)
#1 C:\xampp\htdocs\great-minds-web-api\ci_app\app\Modules\Section\Models\Section_model.php(42): CodeIgniter\BaseModel->findAll()
#2 C:\xampp\htdocs\great-minds-web-api\ci_app\app\Modules\Section\Controllers\Api\Section.php(113): App\Modules\Section\Models\Section_model->getList('1')
#3 C:\xampp\htdocs\great-minds-web-api\ci_app\system\CodeIgniter.php(832): Modules\Section\Controllers\Api\Section->getList()
#4 C:\xampp\htdocs\great-minds-web-api\ci_app\system\CodeIgniter.php(419): CodeIgniter\CodeIgniter->runController(Object(Modules\Section\Controllers\Api\Section))
#5 C:\xampp\htdocs\great-minds-web-api\ci_app\system\CodeIgniter.php(326): CodeIgniter\CodeIgniter->handleRequest(NULL, Object(Config\Cache), false)
#6 C:\xampp\htdocs\great-minds-web-api\index.php(37): CodeIgniter\CodeIgniter->run()
#7 {main}
ERROR - 2022-07-14 08:20:53 --> Column 'schoolId' in where clause is ambiguous
CRITICAL - 2022-07-14 08:20:53 --> Call to a member function getResult() on bool
#0 C:\xampp\htdocs\great-minds-web-api\ci_app\system\BaseModel.php(584): CodeIgniter\Model->doFindAll(0, 0)
#1 C:\xampp\htdocs\great-minds-web-api\ci_app\app\Modules\Section\Models\Section_model.php(42): CodeIgniter\BaseModel->findAll()
#2 C:\xampp\htdocs\great-minds-web-api\ci_app\app\Modules\Section\Controllers\Api\Section.php(113): App\Modules\Section\Models\Section_model->getList('1')
#3 C:\xampp\htdocs\great-minds-web-api\ci_app\system\CodeIgniter.php(832): Modules\Section\Controllers\Api\Section->getList()
#4 C:\xampp\htdocs\great-minds-web-api\ci_app\system\CodeIgniter.php(419): CodeIgniter\CodeIgniter->runController(Object(Modules\Section\Controllers\Api\Section))
#5 C:\xampp\htdocs\great-minds-web-api\ci_app\system\CodeIgniter.php(326): CodeIgniter\CodeIgniter->handleRequest(NULL, Object(Config\Cache), false)
#6 C:\xampp\htdocs\great-minds-web-api\index.php(37): CodeIgniter\CodeIgniter->run()
#7 {main}
ERROR - 2022-07-14 08:20:53 --> Column 'schoolId' in where clause is ambiguous
CRITICAL - 2022-07-14 08:20:53 --> Call to a member function getResult() on bool
#0 C:\xampp\htdocs\great-minds-web-api\ci_app\system\BaseModel.php(584): CodeIgniter\Model->doFindAll(0, 0)
#1 C:\xampp\htdocs\great-minds-web-api\ci_app\app\Modules\Section\Models\Section_model.php(42): CodeIgniter\BaseModel->findAll()
#2 C:\xampp\htdocs\great-minds-web-api\ci_app\app\Modules\Section\Controllers\Api\Section.php(113): App\Modules\Section\Models\Section_model->getList('1')
#3 C:\xampp\htdocs\great-minds-web-api\ci_app\system\CodeIgniter.php(832): Modules\Section\Controllers\Api\Section->getList()
#4 C:\xampp\htdocs\great-minds-web-api\ci_app\system\CodeIgniter.php(419): CodeIgniter\CodeIgniter->runController(Object(Modules\Section\Controllers\Api\Section))
#5 C:\xampp\htdocs\great-minds-web-api\ci_app\system\CodeIgniter.php(326): CodeIgniter\CodeIgniter->handleRequest(NULL, Object(Config\Cache), false)
#6 C:\xampp\htdocs\great-minds-web-api\index.php(37): CodeIgniter\CodeIgniter->run()
#7 {main}
ERROR - 2022-07-14 08:20:54 --> Column 'schoolId' in where clause is ambiguous
CRITICAL - 2022-07-14 08:20:54 --> Call to a member function getResult() on bool
#0 C:\xampp\htdocs\great-minds-web-api\ci_app\system\BaseModel.php(584): CodeIgniter\Model->doFindAll(0, 0)
#1 C:\xampp\htdocs\great-minds-web-api\ci_app\app\Modules\Section\Models\Section_model.php(42): CodeIgniter\BaseModel->findAll()
#2 C:\xampp\htdocs\great-minds-web-api\ci_app\app\Modules\Section\Controllers\Api\Section.php(113): App\Modules\Section\Models\Section_model->getList('1')
#3 C:\xampp\htdocs\great-minds-web-api\ci_app\system\CodeIgniter.php(832): Modules\Section\Controllers\Api\Section->getList()
#4 C:\xampp\htdocs\great-minds-web-api\ci_app\system\CodeIgniter.php(419): CodeIgniter\CodeIgniter->runController(Object(Modules\Section\Controllers\Api\Section))
#5 C:\xampp\htdocs\great-minds-web-api\ci_app\system\CodeIgniter.php(326): CodeIgniter\CodeIgniter->handleRequest(NULL, Object(Config\Cache), false)
#6 C:\xampp\htdocs\great-minds-web-api\index.php(37): CodeIgniter\CodeIgniter->run()
#7 {main}
ERROR - 2022-07-14 23:30:25 --> Column 'schoolId' in where clause is ambiguous
CRITICAL - 2022-07-14 23:30:25 --> Call to a member function getResult() on bool
#0 C:\xampp\htdocs\great-minds-web-api\ci_app\system\BaseModel.php(584): CodeIgniter\Model->doFindAll(0, 0)
#1 C:\xampp\htdocs\great-minds-web-api\ci_app\app\Modules\Section\Models\Section_model.php(42): CodeIgniter\BaseModel->findAll()
#2 C:\xampp\htdocs\great-minds-web-api\ci_app\app\Modules\Section\Controllers\Api\Section.php(113): App\Modules\Section\Models\Section_model->getList('1')
#3 C:\xampp\htdocs\great-minds-web-api\ci_app\system\CodeIgniter.php(832): Modules\Section\Controllers\Api\Section->getList()
#4 C:\xampp\htdocs\great-minds-web-api\ci_app\system\CodeIgniter.php(419): CodeIgniter\CodeIgniter->runController(Object(Modules\Section\Controllers\Api\Section))
#5 C:\xampp\htdocs\great-minds-web-api\ci_app\system\CodeIgniter.php(326): CodeIgniter\CodeIgniter->handleRequest(NULL, Object(Config\Cache), false)
#6 C:\xampp\htdocs\great-minds-web-api\index.php(37): CodeIgniter\CodeIgniter->run()
#7 {main}
ERROR - 2022-07-14 23:32:44 --> Column 'schoolId' in where clause is ambiguous
CRITICAL - 2022-07-14 23:32:44 --> Call to a member function getResult() on bool
#0 C:\xampp\htdocs\great-minds-web-api\ci_app\system\BaseModel.php(584): CodeIgniter\Model->doFindAll(0, 0)
#1 C:\xampp\htdocs\great-minds-web-api\ci_app\app\Modules\Section\Models\Section_model.php(42): CodeIgniter\BaseModel->findAll()
#2 C:\xampp\htdocs\great-minds-web-api\ci_app\app\Modules\Section\Controllers\Api\Section.php(113): App\Modules\Section\Models\Section_model->getList('1')
#3 C:\xampp\htdocs\great-minds-web-api\ci_app\system\CodeIgniter.php(832): Modules\Section\Controllers\Api\Section->getList()
#4 C:\xampp\htdocs\great-minds-web-api\ci_app\system\CodeIgniter.php(419): CodeIgniter\CodeIgniter->runController(Object(Modules\Section\Controllers\Api\Section))
#5 C:\xampp\htdocs\great-minds-web-api\ci_app\system\CodeIgniter.php(326): CodeIgniter\CodeIgniter->handleRequest(NULL, Object(Config\Cache), false)
#6 C:\xampp\htdocs\great-minds-web-api\index.php(37): CodeIgniter\CodeIgniter->run()
#7 {main}
ERROR - 2022-07-14 23:33:23 --> Column 'schoolId' in where clause is ambiguous
CRITICAL - 2022-07-14 23:33:23 --> Call to a member function getResult() on bool
#0 C:\xampp\htdocs\great-minds-web-api\ci_app\system\BaseModel.php(584): CodeIgniter\Model->doFindAll(0, 0)
#1 C:\xampp\htdocs\great-minds-web-api\ci_app\app\Modules\Section\Models\Section_model.php(42): CodeIgniter\BaseModel->findAll()
#2 C:\xampp\htdocs\great-minds-web-api\ci_app\app\Modules\Section\Controllers\Api\Section.php(113): App\Modules\Section\Models\Section_model->getList('1')
#3 C:\xampp\htdocs\great-minds-web-api\ci_app\system\CodeIgniter.php(832): Modules\Section\Controllers\Api\Section->getList()
#4 C:\xampp\htdocs\great-minds-web-api\ci_app\system\CodeIgniter.php(419): CodeIgniter\CodeIgniter->runController(Object(Modules\Section\Controllers\Api\Section))
#5 C:\xampp\htdocs\great-minds-web-api\ci_app\system\CodeIgniter.php(326): CodeIgniter\CodeIgniter->handleRequest(NULL, Object(Config\Cache), false)
#6 C:\xampp\htdocs\great-minds-web-api\index.php(37): CodeIgniter\CodeIgniter->run()
#7 {main}
ERROR - 2022-07-14 23:37:45 --> Column 'schoolId' in where clause is ambiguous
CRITICAL - 2022-07-14 23:37:45 --> Call to a member function getResult() on bool
#0 C:\xampp\htdocs\great-minds-web-api\ci_app\system\BaseModel.php(584): CodeIgniter\Model->doFindAll(0, 0)
#1 C:\xampp\htdocs\great-minds-web-api\ci_app\app\Modules\Section\Models\Section_model.php(45): CodeIgniter\BaseModel->findAll()
#2 C:\xampp\htdocs\great-minds-web-api\ci_app\app\Modules\Section\Controllers\Api\Section.php(113): App\Modules\Section\Models\Section_model->getList('1')
#3 C:\xampp\htdocs\great-minds-web-api\ci_app\system\CodeIgniter.php(832): Modules\Section\Controllers\Api\Section->getList()
#4 C:\xampp\htdocs\great-minds-web-api\ci_app\system\CodeIgniter.php(419): CodeIgniter\CodeIgniter->runController(Object(Modules\Section\Controllers\Api\Section))
#5 C:\xampp\htdocs\great-minds-web-api\ci_app\system\CodeIgniter.php(326): CodeIgniter\CodeIgniter->handleRequest(NULL, Object(Config\Cache), false)
#6 C:\xampp\htdocs\great-minds-web-api\index.php(37): CodeIgniter\CodeIgniter->run()
#7 {main}
ERROR - 2022-07-14 23:37:56 --> Column 'schoolId' in where clause is ambiguous
CRITICAL - 2022-07-14 23:37:56 --> Call to a member function getResult() on bool
#0 C:\xampp\htdocs\great-minds-web-api\ci_app\system\BaseModel.php(584): CodeIgniter\Model->doFindAll(0, 0)
#1 C:\xampp\htdocs\great-minds-web-api\ci_app\app\Modules\Section\Models\Section_model.php(45): CodeIgniter\BaseModel->findAll()
#2 C:\xampp\htdocs\great-minds-web-api\ci_app\app\Modules\Section\Controllers\Api\Section.php(113): App\Modules\Section\Models\Section_model->getList('1')
#3 C:\xampp\htdocs\great-minds-web-api\ci_app\system\CodeIgniter.php(832): Modules\Section\Controllers\Api\Section->getList()
#4 C:\xampp\htdocs\great-minds-web-api\ci_app\system\CodeIgniter.php(419): CodeIgniter\CodeIgniter->runController(Object(Modules\Section\Controllers\Api\Section))
#5 C:\xampp\htdocs\great-minds-web-api\ci_app\system\CodeIgniter.php(326): CodeIgniter\CodeIgniter->handleRequest(NULL, Object(Config\Cache), false)
#6 C:\xampp\htdocs\great-minds-web-api\index.php(37): CodeIgniter\CodeIgniter->run()
#7 {main}
ERROR - 2022-07-14 23:38:19 --> Column 'schoolId' in where clause is ambiguous
CRITICAL - 2022-07-14 23:38:19 --> Call to a member function getResult() on bool
#0 C:\xampp\htdocs\great-minds-web-api\ci_app\system\BaseModel.php(584): CodeIgniter\Model->doFindAll(0, 0)
#1 C:\xampp\htdocs\great-minds-web-api\ci_app\app\Modules\Section\Models\Section_model.php(45): CodeIgniter\BaseModel->findAll()
#2 C:\xampp\htdocs\great-minds-web-api\ci_app\app\Modules\Section\Controllers\Api\Section.php(113): App\Modules\Section\Models\Section_model->getList('1')
#3 C:\xampp\htdocs\great-minds-web-api\ci_app\system\CodeIgniter.php(832): Modules\Section\Controllers\Api\Section->getList()
#4 C:\xampp\htdocs\great-minds-web-api\ci_app\system\CodeIgniter.php(419): CodeIgniter\CodeIgniter->runController(Object(Modules\Section\Controllers\Api\Section))
#5 C:\xampp\htdocs\great-minds-web-api\ci_app\system\CodeIgniter.php(326): CodeIgniter\CodeIgniter->handleRequest(NULL, Object(Config\Cache), false)
#6 C:\xampp\htdocs\great-minds-web-api\index.php(37): CodeIgniter\CodeIgniter->run()
#7 {main}
ERROR - 2022-07-14 23:42:48 --> Column 'schoolId' in where clause is ambiguous
CRITICAL - 2022-07-14 23:42:48 --> Call to a member function getResult() on bool
#0 C:\xampp\htdocs\great-minds-web-api\ci_app\system\BaseModel.php(584): CodeIgniter\Model->doFindAll(0, 0)
#1 C:\xampp\htdocs\great-minds-web-api\ci_app\app\Modules\Section\Models\Section_model.php(45): CodeIgniter\BaseModel->findAll()
#2 C:\xampp\htdocs\great-minds-web-api\ci_app\app\Modules\Section\Controllers\Api\Section.php(113): App\Modules\Section\Models\Section_model->getList('1')
#3 C:\xampp\htdocs\great-minds-web-api\ci_app\system\CodeIgniter.php(832): Modules\Section\Controllers\Api\Section->getList()
#4 C:\xampp\htdocs\great-minds-web-api\ci_app\system\CodeIgniter.php(419): CodeIgniter\CodeIgniter->runController(Object(Modules\Section\Controllers\Api\Section))
#5 C:\xampp\htdocs\great-minds-web-api\ci_app\system\CodeIgniter.php(326): CodeIgniter\CodeIgniter->handleRequest(NULL, Object(Config\Cache), false)
#6 C:\xampp\htdocs\great-minds-web-api\index.php(37): CodeIgniter\CodeIgniter->run()
#7 {main}
ERROR - 2022-07-14 23:43:04 --> Column 'schoolId' in where clause is ambiguous
CRITICAL - 2022-07-14 23:43:04 --> Call to a member function getResult() on bool
#0 C:\xampp\htdocs\great-minds-web-api\ci_app\system\BaseModel.php(584): CodeIgniter\Model->doFindAll(0, 0)
#1 C:\xampp\htdocs\great-minds-web-api\ci_app\app\Modules\Section\Models\Section_model.php(45): CodeIgniter\BaseModel->findAll()
#2 C:\xampp\htdocs\great-minds-web-api\ci_app\app\Modules\Section\Controllers\Api\Section.php(113): App\Modules\Section\Models\Section_model->getList('1')
#3 C:\xampp\htdocs\great-minds-web-api\ci_app\system\CodeIgniter.php(832): Modules\Section\Controllers\Api\Section->getList()
#4 C:\xampp\htdocs\great-minds-web-api\ci_app\system\CodeIgniter.php(419): CodeIgniter\CodeIgniter->runController(Object(Modules\Section\Controllers\Api\Section))
#5 C:\xampp\htdocs\great-minds-web-api\ci_app\system\CodeIgniter.php(326): CodeIgniter\CodeIgniter->handleRequest(NULL, Object(Config\Cache), false)
#6 C:\xampp\htdocs\great-minds-web-api\index.php(37): CodeIgniter\CodeIgniter->run()
#7 {main}
ERROR - 2022-07-14 23:43:35 --> Column 'schoolId' in where clause is ambiguous
CRITICAL - 2022-07-14 23:43:35 --> Call to a member function getResult() on bool
#0 C:\xampp\htdocs\great-minds-web-api\ci_app\system\BaseModel.php(584): CodeIgniter\Model->doFindAll(0, 0)
#1 C:\xampp\htdocs\great-minds-web-api\ci_app\app\Modules\Section\Models\Section_model.php(45): CodeIgniter\BaseModel->findAll()
#2 C:\xampp\htdocs\great-minds-web-api\ci_app\app\Modules\Section\Controllers\Api\Section.php(113): App\Modules\Section\Models\Section_model->getList('1')
#3 C:\xampp\htdocs\great-minds-web-api\ci_app\system\CodeIgniter.php(832): Modules\Section\Controllers\Api\Section->getList()
#4 C:\xampp\htdocs\great-minds-web-api\ci_app\system\CodeIgniter.php(419): CodeIgniter\CodeIgniter->runController(Object(Modules\Section\Controllers\Api\Section))
#5 C:\xampp\htdocs\great-minds-web-api\ci_app\system\CodeIgniter.php(326): CodeIgniter\CodeIgniter->handleRequest(NULL, Object(Config\Cache), false)
#6 C:\xampp\htdocs\great-minds-web-api\index.php(37): CodeIgniter\CodeIgniter->run()
#7 {main}
ERROR - 2022-07-14 23:43:37 --> Column 'schoolId' in where clause is ambiguous
CRITICAL - 2022-07-14 23:43:37 --> Call to a member function getResult() on bool
#0 C:\xampp\htdocs\great-minds-web-api\ci_app\system\BaseModel.php(584): CodeIgniter\Model->doFindAll(0, 0)
#1 C:\xampp\htdocs\great-minds-web-api\ci_app\app\Modules\Section\Models\Section_model.php(45): CodeIgniter\BaseModel->findAll()
#2 C:\xampp\htdocs\great-minds-web-api\ci_app\app\Modules\Section\Controllers\Api\Section.php(113): App\Modules\Section\Models\Section_model->getList('1')
#3 C:\xampp\htdocs\great-minds-web-api\ci_app\system\CodeIgniter.php(832): Modules\Section\Controllers\Api\Section->getList()
#4 C:\xampp\htdocs\great-minds-web-api\ci_app\system\CodeIgniter.php(419): CodeIgniter\CodeIgniter->runController(Object(Modules\Section\Controllers\Api\Section))
#5 C:\xampp\htdocs\great-minds-web-api\ci_app\system\CodeIgniter.php(326): CodeIgniter\CodeIgniter->handleRequest(NULL, Object(Config\Cache), false)
#6 C:\xampp\htdocs\great-minds-web-api\index.php(37): CodeIgniter\CodeIgniter->run()
#7 {main}
ERROR - 2022-07-14 23:45:01 --> Column 'schoolId' in where clause is ambiguous
CRITICAL - 2022-07-14 23:45:01 --> Call to a member function getResult() on bool
#0 C:\xampp\htdocs\great-minds-web-api\ci_app\system\BaseModel.php(584): CodeIgniter\Model->doFindAll(0, 0)
#1 C:\xampp\htdocs\great-minds-web-api\ci_app\app\Modules\Section\Models\Section_model.php(45): CodeIgniter\BaseModel->findAll()
#2 C:\xampp\htdocs\great-minds-web-api\ci_app\app\Modules\Section\Controllers\Api\Section.php(113): App\Modules\Section\Models\Section_model->getList('1')
#3 C:\xampp\htdocs\great-minds-web-api\ci_app\system\CodeIgniter.php(832): Modules\Section\Controllers\Api\Section->getList()
#4 C:\xampp\htdocs\great-minds-web-api\ci_app\system\CodeIgniter.php(419): CodeIgniter\CodeIgniter->runController(Object(Modules\Section\Controllers\Api\Section))
#5 C:\xampp\htdocs\great-minds-web-api\ci_app\system\CodeIgniter.php(326): CodeIgniter\CodeIgniter->handleRequest(NULL, Object(Config\Cache), false)
#6 C:\xampp\htdocs\great-minds-web-api\index.php(37): CodeIgniter\CodeIgniter->run()
#7 {main}
ERROR - 2022-07-14 23:45:02 --> Column 'schoolId' in where clause is ambiguous
CRITICAL - 2022-07-14 23:45:02 --> Call to a member function getResult() on bool
#0 C:\xampp\htdocs\great-minds-web-api\ci_app\system\BaseModel.php(584): CodeIgniter\Model->doFindAll(0, 0)
#1 C:\xampp\htdocs\great-minds-web-api\ci_app\app\Modules\Section\Models\Section_model.php(45): CodeIgniter\BaseModel->findAll()
#2 C:\xampp\htdocs\great-minds-web-api\ci_app\app\Modules\Section\Controllers\Api\Section.php(113): App\Modules\Section\Models\Section_model->getList('1')
#3 C:\xampp\htdocs\great-minds-web-api\ci_app\system\CodeIgniter.php(832): Modules\Section\Controllers\Api\Section->getList()
#4 C:\xampp\htdocs\great-minds-web-api\ci_app\system\CodeIgniter.php(419): CodeIgniter\CodeIgniter->runController(Object(Modules\Section\Controllers\Api\Section))
#5 C:\xampp\htdocs\great-minds-web-api\ci_app\system\CodeIgniter.php(326): CodeIgniter\CodeIgniter->handleRequest(NULL, Object(Config\Cache), false)
#6 C:\xampp\htdocs\great-minds-web-api\index.php(37): CodeIgniter\CodeIgniter->run()
#7 {main}
ERROR - 2022-07-14 23:48:43 --> Column 'schoolId' in where clause is ambiguous
CRITICAL - 2022-07-14 23:48:43 --> Call to a member function getResult() on bool
#0 C:\xampp\htdocs\great-minds-web-api\ci_app\system\BaseModel.php(584): CodeIgniter\Model->doFindAll(0, 0)
#1 C:\xampp\htdocs\great-minds-web-api\ci_app\app\Modules\Section\Models\Section_model.php(45): CodeIgniter\BaseModel->findAll()
#2 C:\xampp\htdocs\great-minds-web-api\ci_app\app\Modules\Section\Controllers\Api\Section.php(113): App\Modules\Section\Models\Section_model->getList('1')
#3 C:\xampp\htdocs\great-minds-web-api\ci_app\system\CodeIgniter.php(832): Modules\Section\Controllers\Api\Section->getList()
#4 C:\xampp\htdocs\great-minds-web-api\ci_app\system\CodeIgniter.php(419): CodeIgniter\CodeIgniter->runController(Object(Modules\Section\Controllers\Api\Section))
#5 C:\xampp\htdocs\great-minds-web-api\ci_app\system\CodeIgniter.php(326): CodeIgniter\CodeIgniter->handleRequest(NULL, Object(Config\Cache), false)
#6 C:\xampp\htdocs\great-minds-web-api\index.php(37): CodeIgniter\CodeIgniter->run()
#7 {main}
ERROR - 2022-07-14 23:48:54 --> Column 'schoolId' in where clause is ambiguous
CRITICAL - 2022-07-14 23:48:54 --> Call to a member function getResult() on bool
#0 C:\xampp\htdocs\great-minds-web-api\ci_app\system\BaseModel.php(584): CodeIgniter\Model->doFindAll(0, 0)
#1 C:\xampp\htdocs\great-minds-web-api\ci_app\app\Modules\Section\Models\Section_model.php(45): CodeIgniter\BaseModel->findAll()
#2 C:\xampp\htdocs\great-minds-web-api\ci_app\app\Modules\Section\Controllers\Api\Section.php(113): App\Modules\Section\Models\Section_model->getList('1')
#3 C:\xampp\htdocs\great-minds-web-api\ci_app\system\CodeIgniter.php(832): Modules\Section\Controllers\Api\Section->getList()
#4 C:\xampp\htdocs\great-minds-web-api\ci_app\system\CodeIgniter.php(419): CodeIgniter\CodeIgniter->runController(Object(Modules\Section\Controllers\Api\Section))
#5 C:\xampp\htdocs\great-minds-web-api\ci_app\system\CodeIgniter.php(326): CodeIgniter\CodeIgniter->handleRequest(NULL, Object(Config\Cache), false)
#6 C:\xampp\htdocs\great-minds-web-api\index.php(37): CodeIgniter\CodeIgniter->run()
#7 {main}
CRITICAL - 2022-07-14 23:56:16 --> Call to undefined method CodeIgniter\Database\MySQLi\Result::findAll()
#0 C:\xampp\htdocs\great-minds-web-api\ci_app\app\Modules\Section\Controllers\Api\Section.php(113): App\Modules\Section\Models\Section_model->getList('1')
#1 C:\xampp\htdocs\great-minds-web-api\ci_app\system\CodeIgniter.php(832): Modules\Section\Controllers\Api\Section->getList()
#2 C:\xampp\htdocs\great-minds-web-api\ci_app\system\CodeIgniter.php(419): CodeIgniter\CodeIgniter->runController(Object(Modules\Section\Controllers\Api\Section))
#3 C:\xampp\htdocs\great-minds-web-api\ci_app\system\CodeIgniter.php(326): CodeIgniter\CodeIgniter->handleRequest(NULL, Object(Config\Cache), false)
#4 C:\xampp\htdocs\great-minds-web-api\index.php(37): CodeIgniter\CodeIgniter->run()
#5 {main}
